{"/home/travis/build/npmtest/node-npmtest-mock-fs/test.js":{"path":"/home/travis/build/npmtest/node-npmtest-mock-fs/test.js","s":{"1":2,"2":2,"3":2,"4":2,"5":2,"6":2,"7":2,"8":1,"9":2,"10":2,"11":1,"12":1,"13":1,"14":1,"15":2,"16":2,"17":2,"18":2,"19":1,"20":1,"21":2,"22":2,"23":2,"24":1,"25":1,"26":1,"27":1,"28":1,"29":1,"30":1,"31":1,"32":1,"33":1,"34":1,"35":1,"36":1,"37":1,"38":1,"39":2,"40":2,"41":1,"42":2,"43":2,"44":1,"45":2,"46":2,"47":1,"48":2,"49":2,"50":1,"51":1,"52":1,"53":1,"54":1},"b":{"1":[2,1,1,1],"2":[1,1,1,1],"3":[1,1],"4":[1,1],"5":[1,1],"6":[1,1],"7":[1,1],"8":[1,1],"9":[1,1],"10":[1,1,1],"11":[1,1],"12":[1,1],"13":[1,1],"14":[1,1],"15":[1,1],"16":[1,1],"17":[1,1]},"f":{"1":2,"2":2,"3":2,"4":2,"5":2,"6":1,"7":1,"8":1,"9":2,"10":2,"11":2,"12":2,"13":1},"fnMap":{"1":{"name":"(anonymous_1)","line":12,"loc":{"start":{"line":12,"column":1},"end":{"line":12,"column":13}}},"2":{"name":"(anonymous_2)","line":19,"loc":{"start":{"line":19,"column":5},"end":{"line":19,"column":17}}},"3":{"name":"(anonymous_3)","line":23,"loc":{"start":{"line":23,"column":24},"end":{"line":23,"column":36}}},"4":{"name":"(anonymous_4)","line":61,"loc":{"start":{"line":61,"column":5},"end":{"line":61,"column":17}}},"5":{"name":"(anonymous_5)","line":82,"loc":{"start":{"line":82,"column":5},"end":{"line":82,"column":17}}},"6":{"name":"(anonymous_6)","line":91,"loc":{"start":{"line":91,"column":77},"end":{"line":94,"column":10}}},"7":{"name":"(anonymous_7)","line":112,"loc":{"start":{"line":112,"column":83},"end":{"line":115,"column":10}},"skip":true},"8":{"name":"(anonymous_8)","line":123,"loc":{"start":{"line":123,"column":77},"end":{"line":126,"column":10}},"skip":true},"9":{"name":"(anonymous_9)","line":139,"loc":{"start":{"line":139,"column":12},"end":{"line":139,"column":40}},"skip":true},"10":{"name":"(anonymous_10)","line":147,"loc":{"start":{"line":147,"column":77},"end":{"line":150,"column":10}},"skip":true},"11":{"name":"(anonymous_11)","line":158,"loc":{"start":{"line":158,"column":83},"end":{"line":161,"column":10}},"skip":true},"12":{"name":"(anonymous_12)","line":169,"loc":{"start":{"line":169,"column":79},"end":{"line":172,"column":10}},"skip":true},"13":{"name":"(anonymous_13)","line":180,"loc":{"start":{"line":180,"column":75},"end":{"line":183,"column":10}},"skip":true}},"statementMap":{"1":{"start":{"line":12,"column":0},"end":{"line":195,"column":5}},"2":{"start":{"line":14,"column":4},"end":{"line":14,"column":14}},"3":{"start":{"line":19,"column":4},"end":{"line":56,"column":9}},"4":{"start":{"line":21,"column":8},"end":{"line":21,"column":19}},"5":{"start":{"line":23,"column":8},"end":{"line":35,"column":13}},"6":{"start":{"line":24,"column":12},"end":{"line":34,"column":13}},"7":{"start":{"line":25,"column":16},"end":{"line":28,"column":30}},"8":{"start":{"line":30,"column":16},"end":{"line":33,"column":27}},"9":{"start":{"line":37,"column":8},"end":{"line":39,"column":21}},"10":{"start":{"line":40,"column":8},"end":{"line":53,"column":9}},"11":{"start":{"line":43,"column":12},"end":{"line":46,"column":14}},"12":{"start":{"line":47,"column":12},"end":{"line":47,"column":18}},"13":{"start":{"line":50,"column":12},"end":{"line":51,"column":33}},"14":{"start":{"line":52,"column":12},"end":{"line":52,"column":18}},"15":{"start":{"line":55,"column":8},"end":{"line":55,"column":35}},"16":{"start":{"line":61,"column":4},"end":{"line":63,"column":9}},"17":{"start":{"line":62,"column":8},"end":{"line":62,"column":15}},"18":{"start":{"line":64,"column":4},"end":{"line":77,"column":5}},"19":{"start":{"line":70,"column":8},"end":{"line":70,"column":14}},"20":{"start":{"line":76,"column":8},"end":{"line":76,"column":14}},"21":{"start":{"line":82,"column":4},"end":{"line":84,"column":9}},"22":{"start":{"line":83,"column":8},"end":{"line":83,"column":15}},"23":{"start":{"line":85,"column":4},"end":{"line":194,"column":5}},"24":{"start":{"line":91,"column":8},"end":{"line":99,"column":10}},"25":{"start":{"line":98,"column":12},"end":{"line":98,"column":35}},"26":{"start":{"line":102,"column":8},"end":{"line":104,"column":63}},"27":{"start":{"line":105,"column":8},"end":{"line":105,"column":14}},"28":{"start":{"line":112,"column":8},"end":{"line":121,"column":10},"skip":true},"29":{"start":{"line":119,"column":12},"end":{"line":119,"column":55},"skip":true},"30":{"start":{"line":120,"column":12},"end":{"line":120,"column":48},"skip":true},"31":{"start":{"line":123,"column":8},"end":{"line":136,"column":10},"skip":true},"32":{"start":{"line":130,"column":12},"end":{"line":130,"column":76},"skip":true},"33":{"start":{"line":131,"column":12},"end":{"line":131,"column":73},"skip":true},"34":{"start":{"line":132,"column":12},"end":{"line":132,"column":74},"skip":true},"35":{"start":{"line":133,"column":12},"end":{"line":133,"column":79},"skip":true},"36":{"start":{"line":134,"column":12},"end":{"line":134,"column":25},"skip":true},"37":{"start":{"line":135,"column":12},"end":{"line":135,"column":45},"skip":true},"38":{"start":{"line":138,"column":8},"end":{"line":145,"column":14},"skip":true},"39":{"start":{"line":143,"column":16},"end":{"line":143,"column":29},"skip":true},"40":{"start":{"line":144,"column":16},"end":{"line":144,"column":55},"skip":true},"41":{"start":{"line":147,"column":8},"end":{"line":156,"column":10},"skip":true},"42":{"start":{"line":154,"column":12},"end":{"line":154,"column":25},"skip":true},"43":{"start":{"line":155,"column":12},"end":{"line":155,"column":45},"skip":true},"44":{"start":{"line":158,"column":8},"end":{"line":167,"column":10},"skip":true},"45":{"start":{"line":165,"column":12},"end":{"line":165,"column":25},"skip":true},"46":{"start":{"line":166,"column":12},"end":{"line":166,"column":48},"skip":true},"47":{"start":{"line":169,"column":8},"end":{"line":178,"column":10},"skip":true},"48":{"start":{"line":176,"column":12},"end":{"line":176,"column":25},"skip":true},"49":{"start":{"line":177,"column":12},"end":{"line":177,"column":46},"skip":true},"50":{"start":{"line":180,"column":8},"end":{"line":189,"column":10},"skip":true},"51":{"start":{"line":187,"column":12},"end":{"line":187,"column":94},"skip":true},"52":{"start":{"line":188,"column":12},"end":{"line":188,"column":48},"skip":true},"53":{"start":{"line":192,"column":8},"end":{"line":192,"column":35},"skip":true},"54":{"start":{"line":193,"column":8},"end":{"line":193,"column":14},"skip":true}},"branchMap":{"1":{"line":25,"type":"binary-expr","locations":[{"start":{"line":25,"column":23},"end":{"line":25,"column":62}},{"start":{"line":26,"column":20},"end":{"line":26,"column":70}},{"start":{"line":27,"column":20},"end":{"line":27,"column":71}},{"start":{"line":28,"column":20},"end":{"line":28,"column":29}}]},"2":{"line":30,"type":"binary-expr","locations":[{"start":{"line":30,"column":23},"end":{"line":30,"column":37}},{"start":{"line":31,"column":20},"end":{"line":31,"column":61}},{"start":{"line":32,"column":20},"end":{"line":32,"column":70}},{"start":{"line":33,"column":20},"end":{"line":33,"column":26}}]},"3":{"line":37,"type":"cond-expr","locations":[{"start":{"line":38,"column":14},"end":{"line":38,"column":20}},{"start":{"line":39,"column":14},"end":{"line":39,"column":20}}]},"4":{"line":40,"type":"switch","locations":[{"start":{"line":42,"column":8},"end":{"line":47,"column":18}},{"start":{"line":49,"column":8},"end":{"line":52,"column":18}}]},"5":{"line":44,"type":"binary-expr","locations":[{"start":{"line":44,"column":16},"end":{"line":44,"column":44}},{"start":{"line":44,"column":48},"end":{"line":44,"column":66}}]},"6":{"line":50,"type":"binary-expr","locations":[{"start":{"line":50,"column":21},"end":{"line":50,"column":49}},{"start":{"line":50,"column":53},"end":{"line":50,"column":72}}]},"7":{"line":64,"type":"switch","locations":[{"start":{"line":69,"column":4},"end":{"line":70,"column":14}},{"start":{"line":75,"column":4},"end":{"line":76,"column":14}}]},"8":{"line":85,"type":"switch","locations":[{"start":{"line":90,"column":4},"end":{"line":105,"column":14}},{"start":{"line":111,"column":4},"end":{"line":193,"column":14},"skip":true}]},"9":{"line":91,"type":"binary-expr","locations":[{"start":{"line":91,"column":42},"end":{"line":91,"column":73}},{"start":{"line":91,"column":77},"end":{"line":99,"column":9}}]},"10":{"line":102,"type":"binary-expr","locations":[{"start":{"line":102,"column":18},"end":{"line":102,"column":32}},{"start":{"line":103,"column":12},"end":{"line":103,"column":53}},{"start":{"line":104,"column":12},"end":{"line":104,"column":61}}]},"11":{"line":112,"type":"binary-expr","locations":[{"start":{"line":112,"column":45},"end":{"line":112,"column":79},"skip":true},{"start":{"line":112,"column":83},"end":{"line":121,"column":9},"skip":true}]},"12":{"line":123,"type":"binary-expr","locations":[{"start":{"line":123,"column":42},"end":{"line":123,"column":73},"skip":true},{"start":{"line":123,"column":77},"end":{"line":136,"column":9},"skip":true}]},"13":{"line":138,"type":"binary-expr","locations":[{"start":{"line":138,"column":48},"end":{"line":138,"column":85},"skip":true},{"start":{"line":139,"column":12},"end":{"line":145,"column":13},"skip":true}]},"14":{"line":147,"type":"binary-expr","locations":[{"start":{"line":147,"column":42},"end":{"line":147,"column":73},"skip":true},{"start":{"line":147,"column":77},"end":{"line":156,"column":9},"skip":true}]},"15":{"line":158,"type":"binary-expr","locations":[{"start":{"line":158,"column":45},"end":{"line":158,"column":79},"skip":true},{"start":{"line":158,"column":83},"end":{"line":167,"column":9},"skip":true}]},"16":{"line":169,"type":"binary-expr","locations":[{"start":{"line":169,"column":43},"end":{"line":169,"column":75},"skip":true},{"start":{"line":169,"column":79},"end":{"line":178,"column":9},"skip":true}]},"17":{"line":180,"type":"binary-expr","locations":[{"start":{"line":180,"column":41},"end":{"line":180,"column":71},"skip":true},{"start":{"line":180,"column":75},"end":{"line":189,"column":9},"skip":true}]}},"code":["/* istanbul instrument in package npmtest_mock_fs */","/*jslint","    bitwise: true,","    browser: true,","    maxerr: 8,","    maxlen: 96,","    node: true,","    nomen: true,","    regexp: true,","    stupid: true","*/","(function () {","    'use strict';","    var local;","","","","    // run shared js-env code - init-before","    (function () {","        // init local","        local = {};","        // init modeJs","        local.modeJs = (function () {","            try {","                return typeof navigator.userAgent === 'string' &&","                    typeof document.querySelector('body') === 'object' &&","                    typeof XMLHttpRequest.prototype.open === 'function' &&","                    'browser';","            } catch (errorCaughtBrowser) {","                return module.exports &&","                    typeof process.versions.node === 'string' &&","                    typeof require('http').createServer === 'function' &&","                    'node';","            }","        }());","        // init global","        local.global = local.modeJs === 'browser'","            ? window","            : global;","        switch (local.modeJs) {","        // re-init local from window.local","        case 'browser':","            local = local.global.utility2.objectSetDefault(","                local.global.utility2_rollup || local.global.local,","                local.global.utility2","            );","            break;","        // re-init local from example.js","        case 'node':","            local = (local.global.utility2_rollup || require('utility2'))","                .requireReadme();","            break;","        }","        // export local","        local.global.local = local;","    }());","","","","    // run shared js-env code - function","    (function () {","        return;","    }());","    switch (local.modeJs) {","","","","    // run browser js-env code - function","    case 'browser':","        break;","","","","    // run node js-env code - function","    case 'node':","        break;","    }","","","","    // run shared js-env code - init-after","    (function () {","        return;","    }());","    switch (local.modeJs) {","","","","    // run browser js-env code - init-after","    case 'browser':","        local.testCase_browser_nullCase = local.testCase_browser_nullCase || function (","            options,","            onError","        ) {","        /*","         * this function will test browsers's null-case handling-behavior-behavior","         */","            onError(null, options);","        };","","        // run tests","        local.nop(local.modeTest &&","            document.querySelector('#testRunButton1') &&","            document.querySelector('#testRunButton1').click());","        break;","","","","    // run node js-env code - init-after","    /* istanbul ignore next */","    case 'node':","        local.testCase_buildApidoc_default = local.testCase_buildApidoc_default || function (","            options,","            onError","        ) {","        /*","         * this function will test buildApidoc's default handling-behavior-behavior","         */","            options = { modulePathList: module.paths };","            local.buildApidoc(options, onError);","        };","","        local.testCase_buildApp_default = local.testCase_buildApp_default || function (","            options,","            onError","        ) {","        /*","         * this function will test buildApp's default handling-behavior-behavior","         */","            local.testCase_buildReadme_default(options, local.onErrorThrow);","            local.testCase_buildLib_default(options, local.onErrorThrow);","            local.testCase_buildTest_default(options, local.onErrorThrow);","            local.testCase_buildCustomOrg_default(options, local.onErrorThrow);","            options = [];","            local.buildApp(options, onError);","        };","","        local.testCase_buildCustomOrg_default = local.testCase_buildCustomOrg_default ||","            function (options, onError) {","            /*","             * this function will test buildCustomOrg's default handling-behavior","             */","                options = {};","                local.buildCustomOrg(options, onError);","            };","","        local.testCase_buildLib_default = local.testCase_buildLib_default || function (","            options,","            onError","        ) {","        /*","         * this function will test buildLib's default handling-behavior","         */","            options = {};","            local.buildLib(options, onError);","        };","","        local.testCase_buildReadme_default = local.testCase_buildReadme_default || function (","            options,","            onError","        ) {","        /*","         * this function will test buildReadme's default handling-behavior-behavior","         */","            options = {};","            local.buildReadme(options, onError);","        };","","        local.testCase_buildTest_default = local.testCase_buildTest_default || function (","            options,","            onError","        ) {","        /*","         * this function will test buildTest's default handling-behavior","         */","            options = {};","            local.buildTest(options, onError);","        };","","        local.testCase_webpage_default = local.testCase_webpage_default || function (","            options,","            onError","        ) {","        /*","         * this function will test webpage's default handling-behavior","         */","            options = { modeCoverageMerge: true, url: local.serverLocalHost + '?modeTest=1' };","            local.browserTest(options, onError);","        };","","        // run test-server","        local.testRunServer(local);","        break;","    }","}());",""],"l":{"12":2,"14":2,"19":2,"21":2,"23":2,"24":2,"25":2,"30":1,"37":2,"40":2,"43":1,"47":1,"50":1,"52":1,"55":2,"61":2,"62":2,"64":2,"70":1,"76":1,"82":2,"83":2,"85":2,"91":1,"98":1,"102":1,"105":1,"112":1,"119":1,"120":1,"123":1,"130":1,"131":1,"132":1,"133":1,"134":1,"135":1,"138":1,"143":2,"144":2,"147":1,"154":2,"155":2,"158":1,"165":2,"166":2,"169":1,"176":2,"177":2,"180":1,"187":1,"188":1,"192":1,"193":1}},"/home/travis/build/npmtest/node-npmtest-mock-fs/lib.npmtest_mock_fs.js":{"path":"/home/travis/build/npmtest/node-npmtest-mock-fs/lib.npmtest_mock_fs.js","s":{"1":2,"2":2,"3":2,"4":2,"5":2,"6":2,"7":2,"8":1,"9":2,"10":2,"11":2,"12":2,"13":1,"14":1,"15":1,"16":1},"b":{"1":[2,1,1,1],"2":[1,1,1,1],"3":[1,1],"4":[2,2],"5":[1,1]},"f":{"1":2,"2":2,"3":2},"fnMap":{"1":{"name":"(anonymous_1)","line":12,"loc":{"start":{"line":12,"column":1},"end":{"line":12,"column":13}}},"2":{"name":"(anonymous_2)","line":19,"loc":{"start":{"line":19,"column":5},"end":{"line":19,"column":17}}},"3":{"name":"(anonymous_3)","line":23,"loc":{"start":{"line":23,"column":24},"end":{"line":23,"column":36}}}},"statementMap":{"1":{"start":{"line":12,"column":0},"end":{"line":53,"column":5}},"2":{"start":{"line":14,"column":4},"end":{"line":14,"column":14}},"3":{"start":{"line":19,"column":4},"end":{"line":52,"column":9}},"4":{"start":{"line":21,"column":8},"end":{"line":21,"column":19}},"5":{"start":{"line":23,"column":8},"end":{"line":35,"column":13}},"6":{"start":{"line":24,"column":12},"end":{"line":34,"column":13}},"7":{"start":{"line":25,"column":16},"end":{"line":28,"column":30}},"8":{"start":{"line":30,"column":16},"end":{"line":33,"column":27}},"9":{"start":{"line":37,"column":8},"end":{"line":39,"column":21}},"10":{"start":{"line":41,"column":8},"end":{"line":41,"column":54}},"11":{"start":{"line":43,"column":8},"end":{"line":43,"column":52}},"12":{"start":{"line":45,"column":8},"end":{"line":51,"column":9}},"13":{"start":{"line":46,"column":12},"end":{"line":46,"column":58}},"14":{"start":{"line":48,"column":12},"end":{"line":48,"column":35}},"15":{"start":{"line":49,"column":12},"end":{"line":49,"column":49}},"16":{"start":{"line":50,"column":12},"end":{"line":50,"column":43}}},"branchMap":{"1":{"line":25,"type":"binary-expr","locations":[{"start":{"line":25,"column":23},"end":{"line":25,"column":62}},{"start":{"line":26,"column":20},"end":{"line":26,"column":70}},{"start":{"line":27,"column":20},"end":{"line":27,"column":71}},{"start":{"line":28,"column":20},"end":{"line":28,"column":29}}]},"2":{"line":30,"type":"binary-expr","locations":[{"start":{"line":30,"column":23},"end":{"line":30,"column":37}},{"start":{"line":31,"column":20},"end":{"line":31,"column":61}},{"start":{"line":32,"column":20},"end":{"line":32,"column":70}},{"start":{"line":33,"column":20},"end":{"line":33,"column":26}}]},"3":{"line":37,"type":"cond-expr","locations":[{"start":{"line":38,"column":14},"end":{"line":38,"column":20}},{"start":{"line":39,"column":14},"end":{"line":39,"column":20}}]},"4":{"line":41,"type":"binary-expr","locations":[{"start":{"line":41,"column":16},"end":{"line":41,"column":44}},{"start":{"line":41,"column":48},"end":{"line":41,"column":53}}]},"5":{"line":45,"type":"if","locations":[{"start":{"line":45,"column":8},"end":{"line":45,"column":8}},{"start":{"line":45,"column":8},"end":{"line":45,"column":8}}]}},"code":["/* istanbul instrument in package npmtest_mock_fs */","/*jslint","    bitwise: true,","    browser: true,","    maxerr: 8,","    maxlen: 96,","    node: true,","    nomen: true,","    regexp: true,","    stupid: true","*/","(function () {","    'use strict';","    var local;","","","","    // run shared js-env code - init-before","    (function () {","        // init local","        local = {};","        // init modeJs","        local.modeJs = (function () {","            try {","                return typeof navigator.userAgent === 'string' &&","                    typeof document.querySelector('body') === 'object' &&","                    typeof XMLHttpRequest.prototype.open === 'function' &&","                    'browser';","            } catch (errorCaughtBrowser) {","                return module.exports &&","                    typeof process.versions.node === 'string' &&","                    typeof require('http').createServer === 'function' &&","                    'node';","            }","        }());","        // init global","        local.global = local.modeJs === 'browser'","            ? window","            : global;","        // init utility2_rollup","        local = local.global.utility2_rollup || local;","        // init lib","        local.local = local.npmtest_mock_fs = local;","        // init exports","        if (local.modeJs === 'browser') {","            local.global.utility2_npmtest_mock_fs = local;","        } else {","            module.exports = local;","            module.exports.__dirname = __dirname;","            module.exports.module = module;","        }","    }());","}());",""],"l":{"12":2,"14":2,"19":2,"21":2,"23":2,"24":2,"25":2,"30":1,"37":2,"41":2,"43":2,"45":2,"46":1,"48":1,"49":1,"50":1}},"/home/travis/build/npmtest/node-npmtest-mock-fs/example.js":{"path":"/home/travis/build/npmtest/node-npmtest-mock-fs/example.js","s":{"1":2,"2":2,"3":2,"4":2,"5":2,"6":2,"7":2,"8":1,"9":2,"10":2,"11":2,"12":2,"13":1,"14":2,"15":2,"16":2,"17":2,"18":2,"19":0,"20":2,"21":1,"22":1,"23":1,"24":1,"25":1,"26":0,"27":0,"28":1,"29":1,"30":2,"31":0,"32":0,"33":0,"34":1,"35":2,"36":2,"37":3,"38":3,"39":3,"40":3,"41":0,"42":3,"43":3,"44":3,"45":1,"46":3,"47":1,"48":1,"49":1,"50":1,"51":1,"52":1,"53":1,"54":1,"55":1,"56":1,"57":0,"58":1,"59":6,"60":6,"61":1,"62":2,"63":0,"64":2,"65":1,"66":1,"67":0,"68":0,"69":0,"70":0,"71":0,"72":0,"73":0,"74":0,"75":0,"76":0,"77":0,"78":0,"79":0,"80":0,"81":0,"82":0,"83":0},"b":{"1":[2,1,1,1],"2":[1,1,1,1],"3":[1,1],"4":[2,2],"5":[1,1],"6":[1,1],"7":[2,0],"8":[2,1,1,1,1,1],"9":[0,2,0],"10":[1,1],"11":[2,1,1],"12":[1,0],"13":[0,2],"14":[2,0,0,0,0,0,0],"15":[0,3],"16":[3,0],"17":[1,1],"18":[0,1],"19":[1,2,0,2],"20":[1,0],"21":[1,1],"22":[0,0],"23":[0,0],"24":[0,0],"25":[0,0],"26":[0,0],"27":[0,0],"28":[0,0]},"f":{"1":2,"2":2,"3":2,"4":2,"5":2,"6":2,"7":3,"8":3,"9":3,"10":1,"11":6,"12":0},"fnMap":{"1":{"name":"(anonymous_1)","line":26,"loc":{"start":{"line":26,"column":1},"end":{"line":26,"column":13}}},"2":{"name":"(anonymous_2)","line":33,"loc":{"start":{"line":33,"column":5},"end":{"line":33,"column":17}}},"3":{"name":"(anonymous_3)","line":37,"loc":{"start":{"line":37,"column":24},"end":{"line":37,"column":36}}},"4":{"name":"(anonymous_4)","line":69,"loc":{"start":{"line":69,"column":31},"end":{"line":69,"column":48}},"skip":true},"5":{"name":"(anonymous_5)","line":78,"loc":{"start":{"line":78,"column":26},"end":{"line":78,"column":45}},"skip":true},"6":{"name":"(anonymous_6)","line":123,"loc":{"start":{"line":123,"column":33},"end":{"line":123,"column":48}},"skip":true},"7":{"name":"(anonymous_7)","line":125,"loc":{"start":{"line":125,"column":27},"end":{"line":125,"column":39}},"skip":true},"8":{"name":"(anonymous_8)","line":133,"loc":{"start":{"line":133,"column":59},"end":{"line":133,"column":74}},"skip":true},"9":{"name":"(anonymous_9)","line":143,"loc":{"start":{"line":143,"column":45},"end":{"line":143,"column":62}},"skip":true},"10":{"name":"(anonymous_10)","line":144,"loc":{"start":{"line":144,"column":73},"end":{"line":144,"column":92}},"skip":true},"11":{"name":"(anonymous_11)","line":272,"loc":{"start":{"line":272,"column":51},"end":{"line":272,"column":77}},"skip":true},"12":{"name":"(anonymous_12)","line":315,"loc":{"start":{"line":315,"column":32},"end":{"line":315,"column":61}},"skip":true}},"statementMap":{"1":{"start":{"line":26,"column":0},"end":{"line":326,"column":5}},"2":{"start":{"line":28,"column":4},"end":{"line":28,"column":14}},"3":{"start":{"line":33,"column":4},"end":{"line":60,"column":9}},"4":{"start":{"line":35,"column":8},"end":{"line":35,"column":19}},"5":{"start":{"line":37,"column":8},"end":{"line":49,"column":13}},"6":{"start":{"line":38,"column":12},"end":{"line":48,"column":13}},"7":{"start":{"line":39,"column":16},"end":{"line":42,"column":30}},"8":{"start":{"line":44,"column":16},"end":{"line":47,"column":27}},"9":{"start":{"line":51,"column":8},"end":{"line":53,"column":21}},"10":{"start":{"line":55,"column":8},"end":{"line":57,"column":45}},"11":{"start":{"line":59,"column":8},"end":{"line":59,"column":35}},"12":{"start":{"line":61,"column":4},"end":{"line":325,"column":5}},"13":{"start":{"line":69,"column":8},"end":{"line":121,"column":10},"skip":true},"14":{"start":{"line":70,"column":12},"end":{"line":88,"column":13},"skip":true},"15":{"start":{"line":76,"column":16},"end":{"line":87,"column":19},"skip":true},"16":{"start":{"line":79,"column":20},"end":{"line":86,"column":21},"skip":true},"17":{"start":{"line":82,"column":24},"end":{"line":82,"column":43},"skip":true},"18":{"start":{"line":83,"column":24},"end":{"line":83,"column":30},"skip":true},"19":{"start":{"line":85,"column":24},"end":{"line":85,"column":49},"skip":true},"20":{"start":{"line":89,"column":12},"end":{"line":107,"column":13},"skip":true},"21":{"start":{"line":92,"column":16},"end":{"line":102,"column":17},"skip":true},"22":{"start":{"line":93,"column":20},"end":{"line":93,"column":86},"skip":true},"23":{"start":{"line":94,"column":20},"end":{"line":95,"column":45},"skip":true},"24":{"start":{"line":96,"column":20},"end":{"line":96,"column":42},"skip":true},"25":{"start":{"line":97,"column":20},"end":{"line":97,"column":48},"skip":true},"26":{"start":{"line":100,"column":20},"end":{"line":100,"column":85},"skip":true},"27":{"start":{"line":101,"column":20},"end":{"line":101,"column":96},"skip":true},"28":{"start":{"line":103,"column":16},"end":{"line":103,"column":22},"skip":true},"29":{"start":{"line":106,"column":16},"end":{"line":106,"column":22},"skip":true},"30":{"start":{"line":108,"column":12},"end":{"line":120,"column":13},"skip":true},"31":{"start":{"line":114,"column":16},"end":{"line":119,"column":17},"skip":true},"32":{"start":{"line":116,"column":20},"end":{"line":116,"column":78},"skip":true},"33":{"start":{"line":118,"column":20},"end":{"line":118,"column":47},"skip":true},"34":{"start":{"line":123,"column":8},"end":{"line":141,"column":11},"skip":true},"35":{"start":{"line":124,"column":12},"end":{"line":124,"column":54},"skip":true},"36":{"start":{"line":125,"column":12},"end":{"line":140,"column":14},"skip":true},"37":{"start":{"line":126,"column":16},"end":{"line":126,"column":28},"skip":true},"38":{"start":{"line":127,"column":16},"end":{"line":127,"column":69},"skip":true},"39":{"start":{"line":128,"column":16},"end":{"line":128,"column":75},"skip":true},"40":{"start":{"line":129,"column":16},"end":{"line":131,"column":17},"skip":true},"41":{"start":{"line":130,"column":20},"end":{"line":130,"column":27},"skip":true},"42":{"start":{"line":133,"column":16},"end":{"line":137,"column":36},"skip":true},"43":{"start":{"line":134,"column":20},"end":{"line":136,"column":55},"skip":true},"44":{"start":{"line":139,"column":16},"end":{"line":139,"column":57},"skip":true},"45":{"start":{"line":143,"column":8},"end":{"line":147,"column":11},"skip":true},"46":{"start":{"line":144,"column":12},"end":{"line":146,"column":15},"skip":true},"47":{"start":{"line":145,"column":16},"end":{"line":145,"column":70},"skip":true},"48":{"start":{"line":149,"column":8},"end":{"line":149,"column":31},"skip":true},"49":{"start":{"line":150,"column":8},"end":{"line":150,"column":14},"skip":true},"50":{"start":{"line":158,"column":8},"end":{"line":158,"column":31},"skip":true},"51":{"start":{"line":160,"column":8},"end":{"line":160,"column":33},"skip":true},"52":{"start":{"line":161,"column":8},"end":{"line":161,"column":37},"skip":true},"53":{"start":{"line":162,"column":8},"end":{"line":162,"column":35},"skip":true},"54":{"start":{"line":164,"column":8},"end":{"line":164,"column":50},"skip":true},"55":{"start":{"line":166,"column":8},"end":{"line":256,"column":2},"skip":true},"56":{"start":{"line":258,"column":8},"end":{"line":286,"column":9},"skip":true},"57":{"start":{"line":259,"column":12},"end":{"line":269,"column":14},"skip":true},"58":{"start":{"line":271,"column":12},"end":{"line":285,"column":19},"skip":true},"59":{"start":{"line":274,"column":20},"end":{"line":274,"column":35},"skip":true},"60":{"start":{"line":275,"column":20},"end":{"line":284,"column":21},"skip":true},"61":{"start":{"line":277,"column":24},"end":{"line":277,"column":64},"skip":true},"62":{"start":{"line":279,"column":24},"end":{"line":279,"column":40},"skip":true},"63":{"start":{"line":281,"column":24},"end":{"line":281,"column":40},"skip":true},"64":{"start":{"line":283,"column":24},"end":{"line":283,"column":39},"skip":true},"65":{"start":{"line":288,"column":8},"end":{"line":290,"column":9},"skip":true},"66":{"start":{"line":289,"column":12},"end":{"line":289,"column":18},"skip":true},"67":{"start":{"line":291,"column":8},"end":{"line":293,"column":54},"skip":true},"68":{"start":{"line":296,"column":8},"end":{"line":301,"column":37},"skip":true},"69":{"start":{"line":303,"column":8},"end":{"line":303,"column":82},"skip":true},"70":{"start":{"line":306,"column":8},"end":{"line":308,"column":9},"skip":true},"71":{"start":{"line":307,"column":12},"end":{"line":307,"column":82},"skip":true},"72":{"start":{"line":310,"column":8},"end":{"line":312,"column":9},"skip":true},"73":{"start":{"line":311,"column":12},"end":{"line":311,"column":18},"skip":true},"74":{"start":{"line":313,"column":8},"end":{"line":313,"column":54},"skip":true},"75":{"start":{"line":314,"column":8},"end":{"line":314,"column":69},"skip":true},"76":{"start":{"line":315,"column":8},"end":{"line":323,"column":36},"skip":true},"77":{"start":{"line":316,"column":12},"end":{"line":316,"column":61},"skip":true},"78":{"start":{"line":317,"column":12},"end":{"line":320,"column":13},"skip":true},"79":{"start":{"line":318,"column":16},"end":{"line":318,"column":75},"skip":true},"80":{"start":{"line":319,"column":16},"end":{"line":319,"column":23},"skip":true},"81":{"start":{"line":321,"column":12},"end":{"line":321,"column":38},"skip":true},"82":{"start":{"line":322,"column":12},"end":{"line":322,"column":27},"skip":true},"83":{"start":{"line":324,"column":8},"end":{"line":324,"column":14},"skip":true}},"branchMap":{"1":{"line":39,"type":"binary-expr","locations":[{"start":{"line":39,"column":23},"end":{"line":39,"column":62}},{"start":{"line":40,"column":20},"end":{"line":40,"column":70}},{"start":{"line":41,"column":20},"end":{"line":41,"column":71}},{"start":{"line":42,"column":20},"end":{"line":42,"column":29}}]},"2":{"line":44,"type":"binary-expr","locations":[{"start":{"line":44,"column":23},"end":{"line":44,"column":37}},{"start":{"line":45,"column":20},"end":{"line":45,"column":61}},{"start":{"line":46,"column":20},"end":{"line":46,"column":70}},{"start":{"line":47,"column":20},"end":{"line":47,"column":26}}]},"3":{"line":51,"type":"cond-expr","locations":[{"start":{"line":52,"column":14},"end":{"line":52,"column":20}},{"start":{"line":53,"column":14},"end":{"line":53,"column":20}}]},"4":{"line":55,"type":"binary-expr","locations":[{"start":{"line":55,"column":16},"end":{"line":55,"column":44}},{"start":{"line":55,"column":49},"end":{"line":57,"column":43}}]},"5":{"line":55,"type":"cond-expr","locations":[{"start":{"line":56,"column":14},"end":{"line":56,"column":51}},{"start":{"line":57,"column":14},"end":{"line":57,"column":43}}]},"6":{"line":61,"type":"switch","locations":[{"start":{"line":68,"column":4},"end":{"line":150,"column":14},"skip":true},{"start":{"line":156,"column":4},"end":{"line":324,"column":14},"skip":true}]},"7":{"line":70,"type":"if","locations":[{"start":{"line":70,"column":12},"end":{"line":70,"column":12},"skip":true},{"start":{"line":70,"column":12},"end":{"line":70,"column":12},"skip":true}]},"8":{"line":70,"type":"binary-expr","locations":[{"start":{"line":70,"column":16},"end":{"line":70,"column":22},"skip":true},{"start":{"line":70,"column":27},"end":{"line":70,"column":32},"skip":true},{"start":{"line":71,"column":20},"end":{"line":71,"column":39},"skip":true},{"start":{"line":72,"column":20},"end":{"line":72,"column":49},"skip":true},{"start":{"line":73,"column":20},"end":{"line":73,"column":58},"skip":true},{"start":{"line":74,"column":20},"end":{"line":74,"column":69},"skip":true}]},"9":{"line":79,"type":"switch","locations":[{"start":{"line":80,"column":20},"end":{"line":80,"column":33},"skip":true},{"start":{"line":81,"column":20},"end":{"line":83,"column":30},"skip":true},{"start":{"line":84,"column":20},"end":{"line":85,"column":49},"skip":true}]},"10":{"line":89,"type":"switch","locations":[{"start":{"line":90,"column":12},"end":{"line":103,"column":22},"skip":true},{"start":{"line":105,"column":12},"end":{"line":106,"column":22},"skip":true}]},"11":{"line":89,"type":"binary-expr","locations":[{"start":{"line":89,"column":20},"end":{"line":89,"column":25},"skip":true},{"start":{"line":89,"column":29},"end":{"line":89,"column":48},"skip":true},{"start":{"line":89,"column":52},"end":{"line":89,"column":74},"skip":true}]},"12":{"line":92,"type":"if","locations":[{"start":{"line":92,"column":16},"end":{"line":92,"column":16},"skip":true},{"start":{"line":92,"column":16},"end":{"line":92,"column":16},"skip":true}]},"13":{"line":108,"type":"if","locations":[{"start":{"line":108,"column":12},"end":{"line":108,"column":12},"skip":true},{"start":{"line":108,"column":12},"end":{"line":108,"column":12},"skip":true}]},"14":{"line":108,"type":"binary-expr","locations":[{"start":{"line":108,"column":16},"end":{"line":108,"column":61},"skip":true},{"start":{"line":108,"column":66},"end":{"line":108,"column":72},"skip":true},{"start":{"line":108,"column":77},"end":{"line":108,"column":82},"skip":true},{"start":{"line":109,"column":20},"end":{"line":109,"column":39},"skip":true},{"start":{"line":110,"column":20},"end":{"line":110,"column":49},"skip":true},{"start":{"line":111,"column":20},"end":{"line":111,"column":58},"skip":true},{"start":{"line":112,"column":20},"end":{"line":112,"column":68},"skip":true}]},"15":{"line":129,"type":"if","locations":[{"start":{"line":129,"column":16},"end":{"line":129,"column":16},"skip":true},{"start":{"line":129,"column":16},"end":{"line":129,"column":16},"skip":true}]},"16":{"line":134,"type":"cond-expr","locations":[{"start":{"line":135,"column":26},"end":{"line":135,"column":29},"skip":true},{"start":{"line":136,"column":26},"end":{"line":136,"column":54},"skip":true}]},"17":{"line":164,"type":"binary-expr","locations":[{"start":{"line":164,"column":27},"end":{"line":164,"column":43},"skip":true},{"start":{"line":164,"column":47},"end":{"line":164,"column":49},"skip":true}]},"18":{"line":258,"type":"if","locations":[{"start":{"line":258,"column":8},"end":{"line":258,"column":8},"skip":true},{"start":{"line":258,"column":8},"end":{"line":258,"column":8},"skip":true}]},"19":{"line":275,"type":"switch","locations":[{"start":{"line":276,"column":20},"end":{"line":277,"column":64},"skip":true},{"start":{"line":278,"column":20},"end":{"line":279,"column":40},"skip":true},{"start":{"line":280,"column":20},"end":{"line":281,"column":40},"skip":true},{"start":{"line":282,"column":20},"end":{"line":283,"column":39},"skip":true}]},"20":{"line":288,"type":"if","locations":[{"start":{"line":288,"column":8},"end":{"line":288,"column":8},"skip":true},{"start":{"line":288,"column":8},"end":{"line":288,"column":8},"skip":true}]},"21":{"line":288,"type":"binary-expr","locations":[{"start":{"line":288,"column":12},"end":{"line":288,"column":40},"skip":true},{"start":{"line":288,"column":44},"end":{"line":288,"column":67},"skip":true}]},"22":{"line":292,"type":"binary-expr","locations":[{"start":{"line":292,"column":12},"end":{"line":292,"column":50},"skip":true},{"start":{"line":293,"column":12},"end":{"line":293,"column":53},"skip":true}]},"23":{"line":297,"type":"binary-expr","locations":[{"start":{"line":297,"column":12},"end":{"line":297,"column":65},"skip":true},{"start":{"line":298,"column":12},"end":{"line":301,"column":36},"skip":true}]},"24":{"line":303,"type":"binary-expr","locations":[{"start":{"line":303,"column":43},"end":{"line":303,"column":75},"skip":true},{"start":{"line":303,"column":79},"end":{"line":303,"column":81},"skip":true}]},"25":{"line":306,"type":"if","locations":[{"start":{"line":306,"column":8},"end":{"line":306,"column":8},"skip":true},{"start":{"line":306,"column":8},"end":{"line":306,"column":8},"skip":true}]},"26":{"line":310,"type":"if","locations":[{"start":{"line":310,"column":8},"end":{"line":310,"column":8},"skip":true},{"start":{"line":310,"column":8},"end":{"line":310,"column":8},"skip":true}]},"27":{"line":313,"type":"binary-expr","locations":[{"start":{"line":313,"column":27},"end":{"line":313,"column":43},"skip":true},{"start":{"line":313,"column":47},"end":{"line":313,"column":53},"skip":true}]},"28":{"line":317,"type":"if","locations":[{"start":{"line":317,"column":12},"end":{"line":317,"column":12},"skip":true},{"start":{"line":317,"column":12},"end":{"line":317,"column":12},"skip":true}]}},"code":["/*","example.js","","quickstart example","","instruction","    1. save this script as example.js","    2. run the shell command:","        $ npm install npmtest-mock-fs && PORT=8081 node example.js","    3. play with the browser-demo on http://127.0.0.1:8081","*/","","","","/* istanbul instrument in package npmtest_mock_fs */","/*jslint","    bitwise: true,","    browser: true,","    maxerr: 8,","    maxlen: 96,","    node: true,","    nomen: true,","    regexp: true,","    stupid: true","*/","(function () {","    'use strict';","    var local;","","","","    // run shared js-env code - init-before","    (function () {","        // init local","        local = {};","        // init modeJs","        local.modeJs = (function () {","            try {","                return typeof navigator.userAgent === 'string' &&","                    typeof document.querySelector('body') === 'object' &&","                    typeof XMLHttpRequest.prototype.open === 'function' &&","                    'browser';","            } catch (errorCaughtBrowser) {","                return module.exports &&","                    typeof process.versions.node === 'string' &&","                    typeof require('http').createServer === 'function' &&","                    'node';","            }","        }());","        // init global","        local.global = local.modeJs === 'browser'","            ? window","            : global;","        // init utility2_rollup","        local = local.global.utility2_rollup || (local.modeJs === 'browser'","            ? local.global.utility2_npmtest_mock_fs","            : global.utility2_moduleExports);","        // export local","        local.global.local = local;","    }());","    switch (local.modeJs) {","","","","    // init-after","    // run browser js-env code - init-after","    /* istanbul ignore next */","    case 'browser':","        local.testRunBrowser = function (event) {","            if (!event || (event &&","                    event.currentTarget &&","                    event.currentTarget.className &&","                    event.currentTarget.className.includes &&","                    event.currentTarget.className.includes('onreset'))) {","                // reset output","                Array.from(","                    document.querySelectorAll('body > .resettable')","                ).forEach(function (element) {","                    switch (element.tagName) {","                    case 'INPUT':","                    case 'TEXTAREA':","                        element.value = '';","                        break;","                    default:","                        element.textContent = '';","                    }","                });","            }","            switch (event && event.currentTarget && event.currentTarget.id) {","            case 'testRunButton1':","                // show tests","                if (document.querySelector('#testReportDiv1').style.display === 'none') {","                    document.querySelector('#testReportDiv1').style.display = 'block';","                    document.querySelector('#testRunButton1').textContent =","                        'hide internal test';","                    local.modeTest = true;","                    local.testRunDefault(local);","                // hide tests","                } else {","                    document.querySelector('#testReportDiv1').style.display = 'none';","                    document.querySelector('#testRunButton1').textContent = 'run internal test';","                }","                break;","            // custom-case","            default:","                break;","            }","            if (document.querySelector('#inputTextareaEval1') && (!event || (event &&","                    event.currentTarget &&","                    event.currentTarget.className &&","                    event.currentTarget.className.includes &&","                    event.currentTarget.className.includes('oneval')))) {","                // try to eval input-code","                try {","                    /*jslint evil: true*/","                    eval(document.querySelector('#inputTextareaEval1').value);","                } catch (errorCaught) {","                    console.error(errorCaught);","                }","            }","        };","        // log stderr and stdout to #outputTextareaStdout1","        ['error', 'log'].forEach(function (key) {","            console[key + '_original'] = console[key];","            console[key] = function () {","                var element;","                console[key + '_original'].apply(console, arguments);","                element = document.querySelector('#outputTextareaStdout1');","                if (!element) {","                    return;","                }","                // append text to #outputTextareaStdout1","                element.value += Array.from(arguments).map(function (arg) {","                    return typeof arg === 'string'","                        ? arg","                        : JSON.stringify(arg, null, 4);","                }).join(' ') + '\\n';","                // scroll textarea to bottom","                element.scrollTop = element.scrollHeight;","            };","        });","        // init event-handling","        ['change', 'click', 'keyup'].forEach(function (event) {","            Array.from(document.querySelectorAll('.on' + event)).forEach(function (element) {","                element.addEventListener(event, local.testRunBrowser);","            });","        });","        // run tests","        local.testRunBrowser();","        break;","","","","    // run node js-env code - init-after","    /* istanbul ignore next */","    case 'node':","        // export local","        module.exports = local;","        // require modules","        local.fs = require('fs');","        local.http = require('http');","        local.url = require('url');","        // init assets","        local.assetsDict = local.assetsDict || {};","        /* jslint-ignore-begin */","        local.assetsDict['/assets.index.template.html'] = '\\","<!doctype html>\\n\\","<html lang=\"en\">\\n\\","<head>\\n\\","<meta charset=\"UTF-8\">\\n\\","<meta name=\"viewport\" content=\"width=device-width, initial-scale=1\">\\n\\","<title>{{env.npm_package_name}} (v{{env.npm_package_version}})</title>\\n\\","<style>\\n\\","/*csslint\\n\\","    box-sizing: false,\\n\\","    universal-selector: false\\n\\","*/\\n\\","* {\\n\\","    box-sizing: border-box;\\n\\","}\\n\\","body {\\n\\","    background: #dde;\\n\\","    font-family: Arial, Helvetica, sans-serif;\\n\\","    margin: 2rem;\\n\\","}\\n\\","body > * {\\n\\","    margin-bottom: 1rem;\\n\\","}\\n\\",".utility2FooterDiv {\\n\\","    margin-top: 20px;\\n\\","    text-align: center;\\n\\","}\\n\\","</style>\\n\\","<style>\\n\\","/*csslint\\n\\","*/\\n\\","textarea {\\n\\","    font-family: monospace;\\n\\","    height: 10rem;\\n\\","    width: 100%;\\n\\","}\\n\\","textarea[readonly] {\\n\\","    background: #ddd;\\n\\","}\\n\\","</style>\\n\\","</head>\\n\\","<body>\\n\\","<!-- utility2-comment\\n\\","<div id=\"ajaxProgressDiv1\" style=\"background: #d00; height: 2px; left: 0; margin: 0; padding: 0; position: fixed; top: 0; transition: background 0.5s, width 1.5s; width: 25%;\"></div>\\n\\","utility2-comment -->\\n\\","<h1>\\n\\","<!-- utility2-comment\\n\\","    <a\\n\\","        {{#if env.npm_package_homepage}}\\n\\","        href=\"{{env.npm_package_homepage}}\"\\n\\","        {{/if env.npm_package_homepage}}\\n\\","        target=\"_blank\"\\n\\","    >\\n\\","utility2-comment -->\\n\\","        {{env.npm_package_name}} (v{{env.npm_package_version}})\\n\\","<!-- utility2-comment\\n\\","    </a>\\n\\","utility2-comment -->\\n\\","</h1>\\n\\","<h3>{{env.npm_package_description}}</h3>\\n\\","<!-- utility2-comment\\n\\","<h4><a download href=\"assets.app.js\">download standalone app</a></h4>\\n\\","<button class=\"onclick onreset\" id=\"testRunButton1\">run internal test</button><br>\\n\\","<div id=\"testReportDiv1\" style=\"display: none;\"></div>\\n\\","utility2-comment -->\\n\\","\\n\\","\\n\\","\\n\\","<label>stderr and stdout</label>\\n\\","<textarea class=\"resettable\" id=\"outputTextareaStdout1\" readonly></textarea>\\n\\","<!-- utility2-comment\\n\\","{{#if isRollup}}\\n\\","<script src=\"assets.app.js\"></script>\\n\\","{{#unless isRollup}}\\n\\","utility2-comment -->\\n\\","<script src=\"assets.utility2.rollup.js\"></script>\\n\\","<script src=\"jsonp.utility2._stateInit?callback=window.utility2._stateInit\"></script>\\n\\","<script src=\"assets.npmtest_mock_fs.rollup.js\"></script>\\n\\","<script src=\"assets.example.js\"></script>\\n\\","<script src=\"assets.test.js\"></script>\\n\\","<!-- utility2-comment\\n\\","{{/if isRollup}}\\n\\","utility2-comment -->\\n\\","<div class=\"utility2FooterDiv\">\\n\\","    [ this app was created with\\n\\","    <a href=\"https://github.com/kaizhu256/node-utility2\" target=\"_blank\">utility2</a>\\n\\","    ]\\n\\","</div>\\n\\","</body>\\n\\","</html>\\n\\","';","        /* jslint-ignore-end */","        if (local.templateRender) {","            local.assetsDict['/'] = local.templateRender(","                local.assetsDict['/assets.index.template.html'],","                {","                    env: local.objectSetDefault(local.env, {","                        npm_package_description: 'the greatest app in the world!',","                        npm_package_name: 'my-app',","                        npm_package_nameAlias: 'my_app',","                        npm_package_version: '0.0.1'","                    })","                }","            );","        } else {","            local.assetsDict['/'] = local.assetsDict['/assets.index.template.html']","                .replace((/\\{\\{env\\.(\\w+?)\\}\\}/g), function (match0, match1) {","                    // jslint-hack","                    String(match0);","                    switch (match1) {","                    case 'npm_package_description':","                        return 'the greatest app in the world!';","                    case 'npm_package_name':","                        return 'my-app';","                    case 'npm_package_nameAlias':","                        return 'my_app';","                    case 'npm_package_version':","                        return '0.0.1';","                    }","                });","        }","        // run the cli","        if (local.global.utility2_rollup || module !== require.main) {","            break;","        }","        local.assetsDict['/assets.example.js'] =","            local.assetsDict['/assets.example.js'] ||","            local.fs.readFileSync(__filename, 'utf8');","        // bug-workaround - long $npm_package_buildCustomOrg","        /* jslint-ignore-begin */","        local.assetsDict['/assets.npmtest_mock_fs.rollup.js'] =","            local.assetsDict['/assets.npmtest_mock_fs.rollup.js'] ||","            local.fs.readFileSync(","                local.npmtest_mock_fs.__dirname + '/lib.npmtest_mock_fs.js',","                'utf8'","            ).replace((/^#!/), '//');","        /* jslint-ignore-end */","        local.assetsDict['/favicon.ico'] = local.assetsDict['/favicon.ico'] || '';","        // if $npm_config_timeout_exit exists,","        // then exit this process after $npm_config_timeout_exit ms","        if (Number(process.env.npm_config_timeout_exit)) {","            setTimeout(process.exit, Number(process.env.npm_config_timeout_exit));","        }","        // start server","        if (local.global.utility2_serverHttp1) {","            break;","        }","        process.env.PORT = process.env.PORT || '8081';","        console.error('server starting on port ' + process.env.PORT);","        local.http.createServer(function (request, response) {","            request.urlParsed = local.url.parse(request.url);","            if (local.assetsDict[request.urlParsed.pathname] !== undefined) {","                response.end(local.assetsDict[request.urlParsed.pathname]);","                return;","            }","            response.statusCode = 404;","            response.end();","        }).listen(process.env.PORT);","        break;","    }","}());",""],"l":{"26":2,"28":2,"33":2,"35":2,"37":2,"38":2,"39":2,"44":1,"51":2,"55":2,"59":2,"61":2,"69":1,"70":2,"76":2,"79":2,"82":2,"83":2,"85":1,"89":2,"92":1,"93":1,"94":1,"96":1,"97":1,"100":1,"101":1,"103":1,"106":1,"108":2,"114":1,"116":1,"118":1,"123":1,"124":2,"125":2,"126":3,"127":3,"128":3,"129":3,"130":1,"133":3,"134":3,"139":3,"143":1,"144":3,"145":1,"149":1,"150":1,"158":1,"160":1,"161":1,"162":1,"164":1,"166":1,"258":1,"259":1,"271":1,"274":6,"275":6,"277":1,"279":2,"281":1,"283":2,"288":1,"289":1,"291":1,"296":1,"303":1,"306":1,"307":1,"310":1,"311":1,"313":1,"314":1,"315":1,"316":1,"317":1,"318":1,"319":1,"321":1,"322":1,"324":1}},"/home/travis/build/npmtest/node-npmtest-mock-fs/node_modules/mock-fs/lib/index.js":{"path":"/home/travis/build/npmtest/node-npmtest-mock-fs/node_modules/mock-fs/lib/index.js","s":{"1":1,"2":1,"3":1,"4":1,"5":1,"6":1,"7":1,"8":1,"9":0,"10":0,"11":0,"12":0,"13":1,"14":0,"15":0,"16":1,"17":0,"18":0,"19":0,"20":0,"21":0,"22":0,"23":1,"24":0,"25":0,"26":1,"27":0,"28":0,"29":0,"30":0,"31":0,"32":0,"33":0,"34":0,"35":0,"36":1,"37":0,"38":0,"39":0,"40":1,"41":0,"42":0,"43":1,"44":1,"45":1},"b":{"1":[0,0],"2":[0,0],"3":[0,0],"4":[0,0]},"f":{"1":0,"2":0,"3":0,"4":0,"5":0,"6":0,"7":0,"8":0,"9":0},"fnMap":{"1":{"name":"overrideBinding","line":16,"loc":{"start":{"line":16,"column":0},"end":{"line":16,"column":34}}},"2":{"name":"overrideProcess","line":26,"loc":{"start":{"line":26,"column":0},"end":{"line":26,"column":37}}},"3":{"name":"restoreBinding","line":31,"loc":{"start":{"line":31,"column":0},"end":{"line":31,"column":26}}},"4":{"name":"restoreProcess","line":44,"loc":{"start":{"line":44,"column":0},"end":{"line":44,"column":26}}},"5":{"name":"mock","line":59,"loc":{"start":{"line":59,"column":31},"end":{"line":59,"column":62}}},"6":{"name":"cwd","line":67,"loc":{"start":{"line":67,"column":4},"end":{"line":67,"column":19}}},"7":{"name":"chdir","line":70,"loc":{"start":{"line":70,"column":4},"end":{"line":70,"column":30}}},"8":{"name":"(anonymous_8)","line":83,"loc":{"start":{"line":83,"column":22},"end":{"line":83,"column":33}}},"9":{"name":"(anonymous_9)","line":94,"loc":{"start":{"line":94,"column":18},"end":{"line":94,"column":29}}}},"statementMap":{"1":{"start":{"line":3,"column":0},"end":{"line":3,"column":35}},"2":{"start":{"line":4,"column":0},"end":{"line":4,"column":33}},"3":{"start":{"line":5,"column":0},"end":{"line":5,"column":41}},"4":{"start":{"line":6,"column":0},"end":{"line":6,"column":40}},"5":{"start":{"line":7,"column":0},"end":{"line":7,"column":27}},"6":{"start":{"line":10,"column":0},"end":{"line":10,"column":54}},"7":{"start":{"line":11,"column":0},"end":{"line":14,"column":2}},"8":{"start":{"line":16,"column":0},"end":{"line":24,"column":1}},"9":{"start":{"line":17,"column":2},"end":{"line":23,"column":3}},"10":{"start":{"line":18,"column":4},"end":{"line":22,"column":5}},"11":{"start":{"line":19,"column":6},"end":{"line":19,"column":52}},"12":{"start":{"line":21,"column":6},"end":{"line":21,"column":38}},"13":{"start":{"line":26,"column":0},"end":{"line":29,"column":1}},"14":{"start":{"line":27,"column":2},"end":{"line":27,"column":20}},"15":{"start":{"line":28,"column":2},"end":{"line":28,"column":24}},"16":{"start":{"line":31,"column":0},"end":{"line":42,"column":1}},"17":{"start":{"line":32,"column":2},"end":{"line":32,"column":10}},"18":{"start":{"line":33,"column":2},"end":{"line":35,"column":3}},"19":{"start":{"line":34,"column":4},"end":{"line":34,"column":45}},"20":{"start":{"line":37,"column":2},"end":{"line":41,"column":3}},"21":{"start":{"line":38,"column":4},"end":{"line":40,"column":5}},"22":{"start":{"line":39,"column":6},"end":{"line":39,"column":30}},"23":{"start":{"line":44,"column":0},"end":{"line":48,"column":1}},"24":{"start":{"line":45,"column":2},"end":{"line":47,"column":3}},"25":{"start":{"line":46,"column":4},"end":{"line":46,"column":41}},"26":{"start":{"line":59,"column":0},"end":{"line":77,"column":2}},"27":{"start":{"line":60,"column":2},"end":{"line":60,"column":50}},"28":{"start":{"line":61,"column":2},"end":{"line":61,"column":36}},"29":{"start":{"line":63,"column":2},"end":{"line":63,"column":27}},"30":{"start":{"line":65,"column":2},"end":{"line":65,"column":34}},"31":{"start":{"line":66,"column":2},"end":{"line":76,"column":4}},"32":{"start":{"line":68,"column":6},"end":{"line":68,"column":25}},"33":{"start":{"line":71,"column":6},"end":{"line":73,"column":7}},"34":{"start":{"line":72,"column":8},"end":{"line":72,"column":37}},"35":{"start":{"line":74,"column":6},"end":{"line":74,"column":57}},"36":{"start":{"line":83,"column":0},"end":{"line":89,"column":2}},"37":{"start":{"line":84,"column":2},"end":{"line":88,"column":3}},"38":{"start":{"line":85,"column":4},"end":{"line":85,"column":14}},"39":{"start":{"line":87,"column":4},"end":{"line":87,"column":45}},"40":{"start":{"line":94,"column":0},"end":{"line":97,"column":2}},"41":{"start":{"line":95,"column":2},"end":{"line":95,"column":19}},"42":{"start":{"line":96,"column":2},"end":{"line":96,"column":19}},"43":{"start":{"line":103,"column":0},"end":{"line":103,"column":31}},"44":{"start":{"line":109,"column":0},"end":{"line":109,"column":41}},"45":{"start":{"line":115,"column":0},"end":{"line":115,"column":37}}},"branchMap":{"1":{"line":18,"type":"if","locations":[{"start":{"line":18,"column":4},"end":{"line":18,"column":4}},{"start":{"line":18,"column":4},"end":{"line":18,"column":4}}]},"2":{"line":38,"type":"if","locations":[{"start":{"line":38,"column":4},"end":{"line":38,"column":4}},{"start":{"line":38,"column":4},"end":{"line":38,"column":4}}]},"3":{"line":71,"type":"if","locations":[{"start":{"line":71,"column":6},"end":{"line":71,"column":6}},{"start":{"line":71,"column":6},"end":{"line":71,"column":6}}]},"4":{"line":84,"type":"if","locations":[{"start":{"line":84,"column":2},"end":{"line":84,"column":2}},{"start":{"line":84,"column":2},"end":{"line":84,"column":2}}]}},"code":["'use strict';","","var Binding = require('./binding');","var FSError = require('./error');","var FileSystem = require('./filesystem');","var realBinding = process.binding('fs');","var path = require('path');","","","var realBindingProps = Object.assign({}, realBinding);","var realProcessProps = {","  cwd: process.cwd,","  chdir: process.chdir","};","","function overrideBinding(binding) {","  for (var key in binding) {","    if (typeof binding[key] === 'function') {","      realBinding[key] = binding[key].bind(binding);","    } else {","      realBinding[key] = binding[key];","    }","  }","}","","function overrideProcess(cwd, chdir) {","  process.cwd = cwd;","  process.chdir = chdir;","}","","function restoreBinding() {","  var key;","  for (key in realBindingProps) {","    realBinding[key] = realBindingProps[key];","  }","  // Delete excess keys that came in when the binding was originally applied.","  for (key in realBinding) {","    if (typeof realBindingProps[key] === 'undefined') {","      delete realBinding[key];","    }","  }","}","","function restoreProcess() {","  for (var key in realProcessProps) {","    process[key] = realProcessProps[key];","  }","}","","/**"," * Swap out the fs bindings for a mock file system."," * @param {Object} config Mock file system configuration."," * @param {Object} options Any filesystem options."," * @param {boolean} options.createCwd Create a directory for `process.cwd()`"," *     (defaults to `true`)."," * @param {boolean} options.createTmp Create a directory for `os.tmpdir()`"," *     (defaults to `true`)."," */","var exports = module.exports = function mock(config, options) {","  var system = FileSystem.create(config, options);","  var binding = new Binding(system);","","  overrideBinding(binding);","","  var currentPath = process.cwd();","  overrideProcess(","    function cwd() {","      return currentPath;","    },","    function chdir(directory) {","      if (!binding.stat(path._makeLong(directory)).isDirectory()) {","        throw new FSError('ENOTDIR');","      }","      currentPath = path.resolve(currentPath, directory);","    }","  );","};","","/**"," * Get hold of the mocked filesystem's 'root'"," * If fs hasn't currently been replaced, this will return an empty object"," */","exports.getMockRoot = function() {","  if (typeof realBinding.getSystem === 'undefined') {","    return {};","  } else {","    return realBinding.getSystem().getRoot();","  }","};","","/**"," * Restore the fs bindings for the real file system."," */","exports.restore = function() {","  restoreBinding();","  restoreProcess();","};","","","/**"," * Create a file factory."," */","exports.file = FileSystem.file;","","","/**"," * Create a directory factory."," */","exports.directory = FileSystem.directory;","","","/**"," * Create a symbolic link factory."," */","exports.symlink = FileSystem.symlink;",""],"l":{"3":1,"4":1,"5":1,"6":1,"7":1,"10":1,"11":1,"16":1,"17":0,"18":0,"19":0,"21":0,"26":1,"27":0,"28":0,"31":1,"32":0,"33":0,"34":0,"37":0,"38":0,"39":0,"44":1,"45":0,"46":0,"59":1,"60":0,"61":0,"63":0,"65":0,"66":0,"68":0,"71":0,"72":0,"74":0,"83":1,"84":0,"85":0,"87":0,"94":1,"95":0,"96":0,"103":1,"109":1,"115":1}},"/home/travis/build/npmtest/node-npmtest-mock-fs/node_modules/mock-fs/lib/binding.js":{"path":"/home/travis/build/npmtest/node-npmtest-mock-fs/node_modules/mock-fs/lib/binding.js","s":{"1":1,"2":1,"3":1,"4":1,"5":1,"6":1,"7":1,"8":1,"9":1,"10":0,"11":0,"12":0,"13":0,"14":0,"15":0,"16":0,"17":0,"18":0,"19":0,"20":0,"21":0,"22":0,"23":1,"24":0,"25":1,"26":0,"27":0,"28":1,"29":0,"30":1,"31":0,"32":1,"33":0,"34":1,"35":0,"36":1,"37":0,"38":1,"39":0,"40":1,"41":0,"42":1,"43":0,"44":1,"45":0,"46":0,"47":0,"48":0,"49":1,"50":0,"51":1,"52":0,"53":1,"54":0,"55":0,"56":0,"57":1,"58":0,"59":0,"60":0,"61":1,"62":0,"63":0,"64":0,"65":1,"66":0,"67":0,"68":0,"69":0,"70":0,"71":0,"72":0,"73":0,"74":0,"75":0,"76":0,"77":0,"78":0,"79":0,"80":0,"81":0,"82":0,"83":0,"84":0,"85":0,"86":0,"87":0,"88":0,"89":0,"90":0,"91":0,"92":0,"93":0,"94":0,"95":1,"96":0,"97":0,"98":0,"99":0,"100":0,"101":0,"102":0,"103":0,"104":0,"105":0,"106":0,"107":0,"108":0,"109":0,"110":1,"111":0,"112":0,"113":0,"114":0,"115":0,"116":0,"117":0,"118":0,"119":0,"120":0,"121":1,"122":0,"123":0,"124":0,"125":0,"126":0,"127":0,"128":0,"129":1,"130":0,"131":0,"132":1,"133":0,"134":0,"135":0,"136":0,"137":0,"138":0,"139":0,"140":0,"141":0,"142":0,"143":0,"144":0,"145":0,"146":0,"147":0,"148":0,"149":0,"150":0,"151":0,"152":0,"153":0,"154":0,"155":0,"156":0,"157":0,"158":0,"159":0,"160":0,"161":0,"162":0,"163":1,"164":0,"165":0,"166":0,"167":0,"168":0,"169":0,"170":0,"171":0,"172":0,"173":0,"174":0,"175":0,"176":0,"177":0,"178":0,"179":1,"180":0,"181":0,"182":0,"183":0,"184":0,"185":0,"186":0,"187":0,"188":0,"189":0,"190":0,"191":0,"192":0,"193":0,"194":0,"195":0,"196":0,"197":0,"198":0,"199":0,"200":1,"201":0,"202":0,"203":0,"204":0,"205":0,"206":0,"207":0,"208":0,"209":0,"210":0,"211":0,"212":0,"213":0,"214":0,"215":0,"216":0,"217":0,"218":0,"219":0,"220":0,"221":1,"222":1,"223":0,"224":0,"225":0,"226":0,"227":0,"228":0,"229":0,"230":0,"231":1,"232":0,"233":0,"234":0,"235":0,"236":0,"237":0,"238":0,"239":0,"240":0,"241":0,"242":0,"243":0,"244":0,"245":0,"246":0,"247":0,"248":0,"249":0,"250":0,"251":0,"252":0,"253":0,"254":0,"255":0,"256":0,"257":1,"258":0,"259":0,"260":0,"261":0,"262":0,"263":0,"264":0,"265":0,"266":0,"267":0,"268":0,"269":0,"270":0,"271":0,"272":0,"273":0,"274":0,"275":0,"276":1,"277":0,"278":0,"279":0,"280":0,"281":0,"282":0,"283":0,"284":0,"285":0,"286":0,"287":0,"288":0,"289":1,"290":0,"291":0,"292":0,"293":0,"294":0,"295":0,"296":0,"297":0,"298":0,"299":0,"300":0,"301":1,"302":0,"303":0,"304":0,"305":0,"306":0,"307":0,"308":0,"309":0,"310":0,"311":0,"312":0,"313":1,"314":1,"315":0,"316":0,"317":0,"318":0,"319":0,"320":0,"321":1,"322":0,"323":0,"324":0,"325":0,"326":0,"327":1,"328":0,"329":0,"330":0,"331":0,"332":0,"333":1,"334":0,"335":0,"336":0,"337":0,"338":1,"339":0,"340":0,"341":0,"342":0,"343":0,"344":0,"345":0,"346":0,"347":1,"348":0,"349":0,"350":0,"351":0,"352":0,"353":0,"354":1,"355":0,"356":0,"357":0,"358":0,"359":0,"360":1,"361":0,"362":0,"363":1,"364":0,"365":0,"366":1,"367":0,"368":0,"369":0,"370":0,"371":0,"372":0,"373":0,"374":0,"375":0,"376":0,"377":0,"378":0,"379":0,"380":0,"381":1,"382":0,"383":0,"384":0,"385":0,"386":0,"387":0,"388":0,"389":0,"390":0,"391":0,"392":0,"393":1,"394":0,"395":0,"396":0,"397":0,"398":0,"399":0,"400":0,"401":0,"402":0,"403":0,"404":0,"405":1,"406":0,"407":0,"408":0,"409":0,"410":0,"411":0,"412":0,"413":0,"414":1,"415":0,"416":0,"417":0,"418":0,"419":0,"420":0,"421":0,"422":0,"423":0,"424":0,"425":0,"426":0,"427":0,"428":0,"429":1,"430":1},"b":{"1":[0,0],"2":[0,0,0],"3":[0,0],"4":[0,0],"5":[0,0],"6":[0,0],"7":[0,0],"8":[0,0],"9":[0,0],"10":[0,0],"11":[0,0],"12":[0,0],"13":[0,0],"14":[0,0],"15":[0,0],"16":[0,0],"17":[0,0],"18":[0,0],"19":[0,0],"20":[0,0],"21":[0,0],"22":[0,0],"23":[0,0],"24":[0,0],"25":[0,0],"26":[0,0],"27":[0,0],"28":[0,0],"29":[0,0],"30":[0,0],"31":[0,0],"32":[0,0],"33":[0,0],"34":[0,0],"35":[0,0],"36":[0,0],"37":[0,0],"38":[0,0],"39":[0,0],"40":[0,0],"41":[0,0],"42":[0,0],"43":[0,0],"44":[0,0],"45":[0,0],"46":[0,0],"47":[0,0],"48":[0,0],"49":[0,0],"50":[0,0],"51":[0,0],"52":[0,0],"53":[0,0],"54":[0,0],"55":[0,0],"56":[0,0],"57":[0,0],"58":[0,0],"59":[0,0],"60":[0,0],"61":[0,0],"62":[0,0],"63":[0,0],"64":[0,0],"65":[0,0],"66":[0,0],"67":[0,0],"68":[0,0],"69":[0,0],"70":[0,0],"71":[0,0],"72":[0,0],"73":[0,0],"74":[0,0],"75":[0,0],"76":[0,0],"77":[0,0],"78":[0,0],"79":[0,0],"80":[0,0],"81":[0,0],"82":[0,0],"83":[0,0],"84":[0,0],"85":[0,0],"86":[0,0],"87":[0,0],"88":[0,0],"89":[0,0],"90":[0,0],"91":[0,0],"92":[0,0,0],"93":[0,0],"94":[0,0],"95":[0,0],"96":[0,0],"97":[0,0]},"f":{"1":0,"2":0,"3":0,"4":0,"5":0,"6":0,"7":0,"8":0,"9":0,"10":0,"11":0,"12":0,"13":0,"14":0,"15":0,"16":0,"17":0,"18":0,"19":0,"20":0,"21":0,"22":0,"23":0,"24":0,"25":0,"26":0,"27":0,"28":0,"29":0,"30":0,"31":0,"32":0,"33":0,"34":0,"35":0,"36":0,"37":0,"38":0,"39":0,"40":0,"41":0,"42":0,"43":0,"44":0,"45":0,"46":0,"47":0,"48":0,"49":0,"50":0,"51":0,"52":0,"53":0,"54":0,"55":0,"56":0,"57":0,"58":0,"59":0,"60":0,"61":0,"62":0,"63":0,"64":0,"65":0,"66":0,"67":0,"68":0,"69":0,"70":0,"71":0,"72":0,"73":0,"74":0,"75":0,"76":0},"fnMap":{"1":{"name":"maybeCallback","line":22,"loc":{"start":{"line":22,"column":0},"end":{"line":22,"column":48}}},"2":{"name":"(anonymous_2)","line":35,"loc":{"start":{"line":35,"column":21},"end":{"line":35,"column":32}}},"3":{"name":"notImplemented","line":47,"loc":{"start":{"line":47,"column":0},"end":{"line":47,"column":26}}},"4":{"name":"Stats","line":57,"loc":{"start":{"line":57,"column":0},"end":{"line":57,"column":23}}},"5":{"name":"(anonymous_5)","line":69,"loc":{"start":{"line":69,"column":37},"end":{"line":69,"column":56}}},"6":{"name":"(anonymous_6)","line":77,"loc":{"start":{"line":77,"column":30},"end":{"line":77,"column":41}}},"7":{"name":"(anonymous_7)","line":85,"loc":{"start":{"line":85,"column":25},"end":{"line":85,"column":36}}},"8":{"name":"(anonymous_8)","line":93,"loc":{"start":{"line":93,"column":32},"end":{"line":93,"column":43}}},"9":{"name":"(anonymous_9)","line":101,"loc":{"start":{"line":101,"column":36},"end":{"line":101,"column":47}}},"10":{"name":"(anonymous_10)","line":109,"loc":{"start":{"line":109,"column":33},"end":{"line":109,"column":44}}},"11":{"name":"(anonymous_11)","line":117,"loc":{"start":{"line":117,"column":25},"end":{"line":117,"column":36}}},"12":{"name":"(anonymous_12)","line":125,"loc":{"start":{"line":125,"column":27},"end":{"line":125,"column":38}}},"13":{"name":"Binding","line":135,"loc":{"start":{"line":135,"column":0},"end":{"line":135,"column":25}}},"14":{"name":"(anonymous_14)","line":168,"loc":{"start":{"line":168,"column":30},"end":{"line":168,"column":41}}},"15":{"name":"(anonymous_15)","line":177,"loc":{"start":{"line":177,"column":30},"end":{"line":177,"column":47}}},"16":{"name":"(anonymous_16)","line":187,"loc":{"start":{"line":187,"column":39},"end":{"line":187,"column":52}}},"17":{"name":"(anonymous_17)","line":200,"loc":{"start":{"line":200,"column":37},"end":{"line":200,"column":58}}},"18":{"name":"(anonymous_18)","line":211,"loc":{"start":{"line":211,"column":43},"end":{"line":211,"column":56}}},"19":{"name":"(anonymous_19)","line":225,"loc":{"start":{"line":225,"column":29},"end":{"line":225,"column":68}}},"20":{"name":"(anonymous_20)","line":226,"loc":{"start":{"line":226,"column":39},"end":{"line":226,"column":50}}},"21":{"name":"fillStatsArray","line":277,"loc":{"start":{"line":277,"column":0},"end":{"line":277,"column":43}}},"22":{"name":"(anonymous_22)","line":301,"loc":{"start":{"line":301,"column":25},"end":{"line":301,"column":54}}},"23":{"name":"(anonymous_23)","line":302,"loc":{"start":{"line":302,"column":39},"end":{"line":302,"column":50}}},"24":{"name":"(anonymous_24)","line":332,"loc":{"start":{"line":332,"column":26},"end":{"line":332,"column":49}}},"25":{"name":"(anonymous_25)","line":333,"loc":{"start":{"line":333,"column":39},"end":{"line":333,"column":50}}},"26":{"name":"(anonymous_26)","line":355,"loc":{"start":{"line":355,"column":26},"end":{"line":355,"column":49}}},"27":{"name":"(anonymous_27)","line":356,"loc":{"start":{"line":356,"column":32},"end":{"line":356,"column":43}}},"28":{"name":"(anonymous_28)","line":370,"loc":{"start":{"line":370,"column":25},"end":{"line":370,"column":67}}},"29":{"name":"(anonymous_29)","line":371,"loc":{"start":{"line":371,"column":39},"end":{"line":371,"column":50}}},"30":{"name":"(anonymous_30)","line":430,"loc":{"start":{"line":430,"column":25},"end":{"line":431,"column":14}}},"31":{"name":"(anonymous_31)","line":432,"loc":{"start":{"line":432,"column":39},"end":{"line":432,"column":50}}},"32":{"name":"(anonymous_32)","line":465,"loc":{"start":{"line":465,"column":33},"end":{"line":465,"column":75}}},"33":{"name":"(anonymous_33)","line":466,"loc":{"start":{"line":466,"column":39},"end":{"line":466,"column":50}}},"34":{"name":"(anonymous_34)","line":507,"loc":{"start":{"line":507,"column":32},"end":{"line":508,"column":14}}},"35":{"name":"(anonymous_35)","line":509,"loc":{"start":{"line":509,"column":39},"end":{"line":509,"column":50}}},"36":{"name":"(anonymous_36)","line":564,"loc":{"start":{"line":564,"column":32},"end":{"line":565,"column":14}}},"37":{"name":"(anonymous_37)","line":572,"loc":{"start":{"line":572,"column":14},"end":{"line":572,"column":47}}},"38":{"name":"(anonymous_38)","line":587,"loc":{"start":{"line":587,"column":27},"end":{"line":587,"column":64}}},"39":{"name":"(anonymous_39)","line":588,"loc":{"start":{"line":588,"column":39},"end":{"line":588,"column":50}}},"40":{"name":"(anonymous_40)","line":635,"loc":{"start":{"line":635,"column":28},"end":{"line":635,"column":66}}},"41":{"name":"(anonymous_41)","line":640,"loc":{"start":{"line":640,"column":39},"end":{"line":640,"column":50}}},"42":{"name":"(anonymous_42)","line":655,"loc":{"start":{"line":655,"column":22},"end":{"line":655,"column":37}}},"43":{"name":"(anonymous_43)","line":670,"loc":{"start":{"line":670,"column":26},"end":{"line":670,"column":61}}},"44":{"name":"(anonymous_44)","line":671,"loc":{"start":{"line":671,"column":32},"end":{"line":671,"column":43}}},"45":{"name":"(anonymous_45)","line":695,"loc":{"start":{"line":695,"column":26},"end":{"line":695,"column":55}}},"46":{"name":"(anonymous_46)","line":696,"loc":{"start":{"line":696,"column":32},"end":{"line":696,"column":43}}},"47":{"name":"(anonymous_47)","line":720,"loc":{"start":{"line":720,"column":30},"end":{"line":720,"column":58}}},"48":{"name":"(anonymous_48)","line":721,"loc":{"start":{"line":721,"column":32},"end":{"line":721,"column":43}}},"49":{"name":"(anonymous_49)","line":754,"loc":{"start":{"line":754,"column":26},"end":{"line":754,"column":65}}},"50":{"name":"(anonymous_50)","line":755,"loc":{"start":{"line":755,"column":32},"end":{"line":755,"column":43}}},"51":{"name":"(anonymous_51)","line":773,"loc":{"start":{"line":773,"column":27},"end":{"line":773,"column":60}}},"52":{"name":"(anonymous_52)","line":774,"loc":{"start":{"line":774,"column":32},"end":{"line":774,"column":43}}},"53":{"name":"(anonymous_53)","line":789,"loc":{"start":{"line":789,"column":26},"end":{"line":789,"column":61}}},"54":{"name":"(anonymous_54)","line":790,"loc":{"start":{"line":790,"column":32},"end":{"line":790,"column":43}}},"55":{"name":"(anonymous_55)","line":806,"loc":{"start":{"line":806,"column":27},"end":{"line":806,"column":56}}},"56":{"name":"(anonymous_56)","line":807,"loc":{"start":{"line":807,"column":32},"end":{"line":807,"column":43}}},"57":{"name":"(anonymous_57)","line":820,"loc":{"start":{"line":820,"column":27},"end":{"line":820,"column":56}}},"58":{"name":"(anonymous_58)","line":821,"loc":{"start":{"line":821,"column":32},"end":{"line":821,"column":43}}},"59":{"name":"(anonymous_59)","line":842,"loc":{"start":{"line":842,"column":27},"end":{"line":842,"column":70}}},"60":{"name":"(anonymous_60)","line":843,"loc":{"start":{"line":843,"column":32},"end":{"line":843,"column":43}}},"61":{"name":"(anonymous_61)","line":861,"loc":{"start":{"line":861,"column":28},"end":{"line":861,"column":65}}},"62":{"name":"(anonymous_62)","line":862,"loc":{"start":{"line":862,"column":32},"end":{"line":862,"column":43}}},"63":{"name":"(anonymous_63)","line":876,"loc":{"start":{"line":876,"column":26},"end":{"line":876,"column":49}}},"64":{"name":"(anonymous_64)","line":877,"loc":{"start":{"line":877,"column":32},"end":{"line":877,"column":43}}},"65":{"name":"(anonymous_65)","line":888,"loc":{"start":{"line":888,"column":30},"end":{"line":888,"column":53}}},"66":{"name":"(anonymous_66)","line":889,"loc":{"start":{"line":889,"column":32},"end":{"line":889,"column":43}}},"67":{"name":"(anonymous_67)","line":901,"loc":{"start":{"line":901,"column":25},"end":{"line":901,"column":63}}},"68":{"name":"(anonymous_68)","line":902,"loc":{"start":{"line":902,"column":32},"end":{"line":902,"column":43}}},"69":{"name":"(anonymous_69)","line":932,"loc":{"start":{"line":932,"column":28},"end":{"line":932,"column":72}}},"70":{"name":"(anonymous_70)","line":933,"loc":{"start":{"line":933,"column":32},"end":{"line":933,"column":43}}},"71":{"name":"(anonymous_71)","line":958,"loc":{"start":{"line":958,"column":29},"end":{"line":958,"column":68}}},"72":{"name":"(anonymous_72)","line":963,"loc":{"start":{"line":963,"column":39},"end":{"line":963,"column":50}}},"73":{"name":"(anonymous_73)","line":984,"loc":{"start":{"line":984,"column":26},"end":{"line":984,"column":55}}},"74":{"name":"(anonymous_74)","line":985,"loc":{"start":{"line":985,"column":39},"end":{"line":985,"column":50}}},"75":{"name":"(anonymous_75)","line":1009,"loc":{"start":{"line":1009,"column":27},"end":{"line":1009,"column":62}}},"76":{"name":"(anonymous_76)","line":1010,"loc":{"start":{"line":1010,"column":32},"end":{"line":1010,"column":43}}}},"statementMap":{"1":{"start":{"line":3,"column":0},"end":{"line":3,"column":27}},"2":{"start":{"line":5,"column":0},"end":{"line":5,"column":29}},"3":{"start":{"line":6,"column":0},"end":{"line":6,"column":45}},"4":{"start":{"line":7,"column":0},"end":{"line":7,"column":39}},"5":{"start":{"line":8,"column":0},"end":{"line":8,"column":40}},"6":{"start":{"line":9,"column":0},"end":{"line":9,"column":33}},"7":{"start":{"line":10,"column":0},"end":{"line":10,"column":37}},"8":{"start":{"line":11,"column":0},"end":{"line":11,"column":56}},"9":{"start":{"line":22,"column":0},"end":{"line":45,"column":1}},"10":{"start":{"line":23,"column":2},"end":{"line":44,"column":3}},"11":{"start":{"line":24,"column":4},"end":{"line":24,"column":19}},"12":{"start":{"line":25,"column":4},"end":{"line":25,"column":12}},"13":{"start":{"line":26,"column":4},"end":{"line":30,"column":5}},"14":{"start":{"line":27,"column":6},"end":{"line":27,"column":31}},"15":{"start":{"line":29,"column":6},"end":{"line":29,"column":14}},"16":{"start":{"line":32,"column":4},"end":{"line":34,"column":5}},"17":{"start":{"line":33,"column":6},"end":{"line":33,"column":52}},"18":{"start":{"line":35,"column":4},"end":{"line":41,"column":7}},"19":{"start":{"line":36,"column":6},"end":{"line":40,"column":7}},"20":{"start":{"line":37,"column":8},"end":{"line":37,"column":22}},"21":{"start":{"line":39,"column":8},"end":{"line":39,"column":27}},"22":{"start":{"line":43,"column":4},"end":{"line":43,"column":30}},"23":{"start":{"line":47,"column":0},"end":{"line":49,"column":1}},"24":{"start":{"line":48,"column":2},"end":{"line":48,"column":44}},"25":{"start":{"line":57,"column":0},"end":{"line":61,"column":1}},"26":{"start":{"line":58,"column":2},"end":{"line":60,"column":3}},"27":{"start":{"line":59,"column":4},"end":{"line":59,"column":28}},"28":{"start":{"line":69,"column":0},"end":{"line":71,"column":2}},"29":{"start":{"line":70,"column":2},"end":{"line":70,"column":55}},"30":{"start":{"line":77,"column":0},"end":{"line":79,"column":2}},"31":{"start":{"line":78,"column":2},"end":{"line":78,"column":52}},"32":{"start":{"line":85,"column":0},"end":{"line":87,"column":2}},"33":{"start":{"line":86,"column":2},"end":{"line":86,"column":52}},"34":{"start":{"line":93,"column":0},"end":{"line":95,"column":2}},"35":{"start":{"line":94,"column":2},"end":{"line":94,"column":52}},"36":{"start":{"line":101,"column":0},"end":{"line":103,"column":2}},"37":{"start":{"line":102,"column":2},"end":{"line":102,"column":52}},"38":{"start":{"line":109,"column":0},"end":{"line":111,"column":2}},"39":{"start":{"line":110,"column":2},"end":{"line":110,"column":52}},"40":{"start":{"line":117,"column":0},"end":{"line":119,"column":2}},"41":{"start":{"line":118,"column":2},"end":{"line":118,"column":52}},"42":{"start":{"line":125,"column":0},"end":{"line":127,"column":2}},"43":{"start":{"line":126,"column":2},"end":{"line":126,"column":53}},"44":{"start":{"line":135,"column":0},"end":{"line":161,"column":1}},"45":{"start":{"line":141,"column":2},"end":{"line":141,"column":24}},"46":{"start":{"line":147,"column":2},"end":{"line":147,"column":21}},"47":{"start":{"line":153,"column":2},"end":{"line":153,"column":23}},"48":{"start":{"line":159,"column":2},"end":{"line":159,"column":20}},"49":{"start":{"line":168,"column":0},"end":{"line":170,"column":2}},"50":{"start":{"line":169,"column":2},"end":{"line":169,"column":22}},"51":{"start":{"line":177,"column":0},"end":{"line":179,"column":2}},"52":{"start":{"line":178,"column":2},"end":{"line":178,"column":24}},"53":{"start":{"line":187,"column":0},"end":{"line":192,"column":2}},"54":{"start":{"line":188,"column":2},"end":{"line":190,"column":3}},"55":{"start":{"line":189,"column":4},"end":{"line":189,"column":31}},"56":{"start":{"line":191,"column":2},"end":{"line":191,"column":29}},"57":{"start":{"line":200,"column":0},"end":{"line":204,"column":2}},"58":{"start":{"line":201,"column":2},"end":{"line":201,"column":27}},"59":{"start":{"line":202,"column":2},"end":{"line":202,"column":35}},"60":{"start":{"line":203,"column":2},"end":{"line":203,"column":12}},"61":{"start":{"line":211,"column":0},"end":{"line":216,"column":2}},"62":{"start":{"line":212,"column":2},"end":{"line":214,"column":3}},"63":{"start":{"line":213,"column":4},"end":{"line":213,"column":31}},"64":{"start":{"line":215,"column":2},"end":{"line":215,"column":29}},"65":{"start":{"line":225,"column":0},"end":{"line":267,"column":2}},"66":{"start":{"line":226,"column":2},"end":{"line":266,"column":5}},"67":{"start":{"line":227,"column":4},"end":{"line":227,"column":17}},"68":{"start":{"line":228,"column":4},"end":{"line":230,"column":5}},"69":{"start":{"line":229,"column":6},"end":{"line":229,"column":37}},"70":{"start":{"line":231,"column":4},"end":{"line":231,"column":42}},"71":{"start":{"line":232,"column":4},"end":{"line":232,"column":39}},"72":{"start":{"line":233,"column":4},"end":{"line":233,"column":38}},"73":{"start":{"line":234,"column":4},"end":{"line":234,"column":23}},"74":{"start":{"line":235,"column":4},"end":{"line":235,"column":20}},"75":{"start":{"line":236,"column":4},"end":{"line":251,"column":5}},"76":{"start":{"line":237,"column":6},"end":{"line":237,"column":22}},"77":{"start":{"line":238,"column":6},"end":{"line":241,"column":7}},"78":{"start":{"line":239,"column":8},"end":{"line":239,"column":72}},"79":{"start":{"line":240,"column":8},"end":{"line":240,"column":46}},"80":{"start":{"line":242,"column":6},"end":{"line":244,"column":7}},"81":{"start":{"line":243,"column":8},"end":{"line":243,"column":46}},"82":{"start":{"line":245,"column":6},"end":{"line":250,"column":7}},"83":{"start":{"line":246,"column":8},"end":{"line":246,"column":48}},"84":{"start":{"line":247,"column":8},"end":{"line":247,"column":34}},"85":{"start":{"line":249,"column":8},"end":{"line":249,"column":47}},"86":{"start":{"line":252,"column":4},"end":{"line":260,"column":5}},"87":{"start":{"line":253,"column":6},"end":{"line":256,"column":7}},"88":{"start":{"line":254,"column":8},"end":{"line":254,"column":72}},"89":{"start":{"line":255,"column":8},"end":{"line":255,"column":46}},"90":{"start":{"line":257,"column":6},"end":{"line":257,"column":26}},"91":{"start":{"line":259,"column":6},"end":{"line":259,"column":44}},"92":{"start":{"line":262,"column":4},"end":{"line":264,"column":5}},"93":{"start":{"line":263,"column":6},"end":{"line":263,"column":38}},"94":{"start":{"line":265,"column":4},"end":{"line":265,"column":20}},"95":{"start":{"line":277,"column":0},"end":{"line":292,"column":1}},"96":{"start":{"line":278,"column":2},"end":{"line":278,"column":28}},"97":{"start":{"line":279,"column":2},"end":{"line":279,"column":29}},"98":{"start":{"line":280,"column":2},"end":{"line":280,"column":30}},"99":{"start":{"line":281,"column":2},"end":{"line":281,"column":28}},"100":{"start":{"line":282,"column":2},"end":{"line":282,"column":28}},"101":{"start":{"line":283,"column":2},"end":{"line":283,"column":29}},"102":{"start":{"line":284,"column":2},"end":{"line":284,"column":32}},"103":{"start":{"line":285,"column":2},"end":{"line":285,"column":28}},"104":{"start":{"line":286,"column":2},"end":{"line":286,"column":29}},"105":{"start":{"line":287,"column":2},"end":{"line":287,"column":31}},"106":{"start":{"line":288,"column":2},"end":{"line":288,"column":32}},"107":{"start":{"line":289,"column":2},"end":{"line":289,"column":32}},"108":{"start":{"line":290,"column":2},"end":{"line":290,"column":32}},"109":{"start":{"line":291,"column":2},"end":{"line":291,"column":36}},"110":{"start":{"line":301,"column":0},"end":{"line":322,"column":2}},"111":{"start":{"line":302,"column":2},"end":{"line":321,"column":5}},"112":{"start":{"line":303,"column":4},"end":{"line":303,"column":46}},"113":{"start":{"line":304,"col
[...]
ft().toLowerCase();","    parts.unshift(base);","  }","  if (parts[parts.length - 1] === '') {","    parts.pop();","  }","  return parts;","}","","","/**"," * Create a new file system."," * @param {Object} options Any filesystem options."," * @param {boolean} options.createCwd Create a directory for `process.cwd()`"," *     (defaults to `true`)."," * @param {boolean} options.createTmp Create a directory for `os.tmpdir()`"," *     (defaults to `true`)."," * @constructor"," */","function FileSystem(options) {","  options = options || {};","","  var createCwd = 'createCwd' in options ? options.createCwd : true;","  var createTmp = 'createTmp' in options ? options.createTmp : true;","","  var root = new Directory();","","  // populate with default directories","  var defaults = [];","  if (createCwd) {","    defaults.push(process.cwd());","  }","","  if (createTmp) {","    defaults.push(os.tmpdir && os.tmpdir() || os.tmpDir());","  }","","  defaults.forEach(function(dir) {","    var parts = getPathParts(dir);","    var directory = root;","    var i, ii, name, candidate;","    for (i = 0, ii = parts.length; i < ii; ++i) {","      name = parts[i];","      candidate = directory.getItem(name);","      if (!candidate) {","        directory = directory.addItem(name, new Directory());","      } else if (candidate instanceof Directory) {","        directory = candidate;","      } else {","        throw new Error('Failed to create directory: ' + dir);","      }","    }","  });","","  /**","   * Root directory.","   * @type {Directory}","   */","  this._root = root;","","}","","","/**"," * Get the root directory."," * @return {Directory} The root directory."," */","FileSystem.prototype.getRoot = function() {","  return this._root;","};","","","/**"," * Get a file system item."," * @param {string} filepath Path to item."," * @return {Item} The item (or null if not found)."," */","FileSystem.prototype.getItem = function(filepath) {","  var parts = getPathParts(filepath);","  var currentParts = getPathParts(process.cwd());","  var item = this._root;","  var itemPath = '/';","  var name;","  for (var i = 0, ii = parts.length; i < ii; ++i) {","    name = parts[i];","    while (item instanceof SymbolicLink) {","      // Symbolic link being traversed as a directory --- If link targets","      // another symbolic link, resolve target's path relative to the original","      // link's target, otherwise relative to the current item.","      itemPath = path.resolve(path.dirname(itemPath), item.getPath());","      item = this.getItem(itemPath);","    }","    if (item) {","      if (item instanceof Directory && name !== currentParts[i]) {","        // make sure traversal is allowed","        if (!item.canExecute()) {","          throw new FSError('EACCES', filepath);","        }","      }","      item = item.getItem(name);","    }","    if (!item) {","      break;","    }","    itemPath = path.resolve(itemPath, name);","  }","  return item;","};","","","/**"," * Populate a directory with an item."," * @param {Directory} directory The directory to populate."," * @param {string} name The name of the item."," * @param {string|Buffer|function|Object} obj Instructions for creating the"," *     item."," */","function populate(directory, name, obj) {","  var item;","  if (typeof obj === 'string' || Buffer.isBuffer(obj)) {","    // contents for a file","    item = new File();","    item.setContent(obj);","  } else if (typeof obj === 'function') {","    // item factory","    item = obj();","  } else {","    // directory with more to populate","    item = new Directory();","    for (var key in obj) {","      populate(item, key, obj[key]);","    }","  }","  /**","   * Special exception for redundant adding of empty directories.","   */","  if (item instanceof Directory &&","      item.list().length === 0 &&","      directory.getItem(name) instanceof Directory) {","    // pass","  } else {","    directory.addItem(name, item);","  }","}","","","/**"," * Configure a mock file system."," * @param {Object} paths Config object."," * @param {Object} options Any filesystem options."," * @param {boolean} options.createCwd Create a directory for `process.cwd()`"," *     (defaults to `true`)."," * @param {boolean} options.createTmp Create a directory for `os.tmpdir()`"," *     (defaults to `true`)."," * @return {FileSystem} Mock file system."," */","FileSystem.create = function(paths, options) {","  var system = new FileSystem(options);","","  for (var filepath in paths) {","    var parts = getPathParts(filepath);","    var directory = system._root;","    var i, ii, name, candidate;","    for (i = 0, ii = parts.length - 1; i < ii; ++i) {","      name = parts[i];","      candidate = directory.getItem(name);","      if (!candidate) {","        directory = directory.addItem(name, new Directory());","      } else if (candidate instanceof Directory) {","        directory = candidate;","      } else {","        throw new Error('Failed to create directory: ' + filepath);","      }","    }","    populate(directory, parts[i], paths[filepath]);","  }","","  return system;","};","","","/**"," * Generate a factory for new files."," * @param {Object} config File config."," * @return {function():File} Factory that creates a new file."," */","FileSystem.file = function(config) {","  config = config || {};","  return function() {","    var file = new File();","    if (config.hasOwnProperty('content')) {","      file.setContent(config.content);","    }","    if (config.hasOwnProperty('mode')) {","      file.setMode(config.mode);","    } else {","      file.setMode(438); // 0666","    }","    if (config.hasOwnProperty('uid')) {","      file.setUid(config.uid);","    }","    if (config.hasOwnProperty('gid')) {","      file.setGid(config.gid);","    }","    if (config.hasOwnProperty('atime')) {","      file.setATime(config.atime);","    }","    if (config.hasOwnProperty('ctime')) {","      file.setCTime(config.ctime);","    }","    if (config.hasOwnProperty('mtime')) {","      file.setMTime(config.mtime);","    }","    if (config.hasOwnProperty('birthtime')) {","      file.setBirthtime(config.birthtime);","    }","    return file;","  };","};","","","/**"," * Generate a factory for new symbolic links."," * @param {Object} config File config."," * @return {function():File} Factory that creates a new symbolic link."," */","FileSystem.symlink = function(config) {","  config = config || {};","  return function() {","    var link = new SymbolicLink();","    if (config.hasOwnProperty('mode')) {","      link.setMode(config.mode);","    } else {","      link.setMode(438); // 0666","    }","    if (config.hasOwnProperty('uid')) {","      link.setUid(config.uid);","    }","    if (config.hasOwnProperty('gid')) {","      link.setGid(config.gid);","    }","    if (config.hasOwnProperty('path')) {","      link.setPath(config.path);","    } else {","      throw new Error('Missing \"path\" property');","    }","    if (config.hasOwnProperty('atime')) {","      link.setATime(config.atime);","    }","    if (config.hasOwnProperty('ctime')) {","      link.setCTime(config.ctime);","    }","    if (config.hasOwnProperty('mtime')) {","      link.setMTime(config.mtime);","    }","    if (config.hasOwnProperty('birthtime')) {","      link.setBirthtime(config.birthtime);","    }","    return link;","  };","};","","","/**"," * Generate a factory for new directories."," * @param {Object} config File config."," * @return {function():Directory} Factory that creates a new directory."," */","FileSystem.directory = function(config) {","  config = config || {};","  return function() {","    var dir = new Directory();","    if (config.hasOwnProperty('mode')) {","      dir.setMode(config.mode);","    }","    if (config.hasOwnProperty('uid')) {","      dir.setUid(config.uid);","    }","    if (config.hasOwnProperty('gid')) {","      dir.setGid(config.gid);","    }","    if (config.hasOwnProperty('items')) {","      for (var name in config.items) {","        populate(dir, name, config.items[name]);","      }","    }","    if (config.hasOwnProperty('atime')) {","      dir.setATime(config.atime);","    }","    if (config.hasOwnProperty('ctime')) {","      dir.setCTime(config.ctime);","    }","    if (config.hasOwnProperty('mtime')) {","      dir.setMTime(config.mtime);","    }","    if (config.hasOwnProperty('birthtime')) {","      dir.setBirthtime(config.birthtime);","    }","    return dir;","  };","};","","","/**"," * Module exports."," * @type {function}"," */","var exports = module.exports = FileSystem;","exports.getPathParts = getPathParts;",""],"l":{"3":1,"4":1,"6":1,"7":1,"8":1,"9":1,"12":1,"14":1,"15":0,"16":0,"17":0,"19":0,"20":0,"21":0,"22":0,"24":0,"25":0,"27":0,"40":1,"41":0,"43":0,"44":0,"46":0,"49":0,"50":0,"51":0,"54":0,"55":0,"58":0,"59":0,"60":0,"61":0,"62":0,"63":0,"64":0,"65":0,"66":0,"67":0,"68":0,"70":0,"79":0,"88":1,"89":0,"98":1,"99":0,"100":0,"101":0,"102":0,"103":0,"104":0,"105":0,"106":0,"110":0,"111":0,"113":0,"114":0,"116":0,"117":0,"120":0,"122":0,"123":0,"125":0,"127":0,"138":1,"139":0,"140":0,"142":0,"143":0,"144":0,"146":0,"149":0,"150":0,"151":0,"157":0,"162":0,"177":1,"178":0,"180":0,"181":0,"182":0,"183":0,"184":0,"185":0,"186":0,"187":0,"188":0,"189":0,"190":0,"192":0,"195":0,"198":0,"207":1,"208":0,"209":0,"210":0,"211":0,"212":0,"214":0,"215":0,"217":0,"219":0,"220":0,"222":0,"223":0,"225":0,"226":0,"228":0,"229":0,"231":0,"232":0,"234":0,"235":0,"237":0,"247":1,"248":0,"249":0,"250":0,"251":0,"252":0,"254":0,"256":0,"257":0,"259":0,"260":0,"262":0,"263":0,"265":0,"267":0,"268":0,"270":0,"271":0,"273":0,"274":0,"276":0,"277":0,"279":0,"289":1,"290":0,"291":0,"292":0,"293":0,"294":0,"296":0,"297":0,"299":0,"300":0,"302":0,"303":0,"304":0,"307":0,"308":0,"310":0,"311":0,"313":0,"314":0,"316":0,"317":0,"319":0,"328":1,"329":1}},"/home/travis/build/npmtest/node-npmtest-mock-fs/node_modules/mock-fs/benchmarks/read-integration-real.js":{"path":"/home/travis/build/npmtest/node-npmtest-mock-fs/node_modules/mock-fs/benchmarks/read-integration-real.js","s":{"1":2,"2":2,"3":2,"4":2,"5":0,"6":0,"7":0,"8":0,"9":0,"10":0,"11":0,"12":0,"13":0,"14":0,"15":0},"b":{},"f":{"1":0,"2":0,"3":0,"4":0},"fnMap":{"1":{"name":"(anonymous_1)","line":15,"loc":{"start":{"line":15,"column":15},"end":{"line":15,"column":30}}},"2":{"name":"(anonymous_2)","line":16,"loc":{"start":{"line":16,"column":20},"end":{"line":16,"column":39}}},"3":{"name":"(anonymous_3)","line":19,"loc":{"start":{"line":19,"column":33},"end":{"line":19,"column":52}}},"4":{"name":"(anonymous_4)","line":21,"loc":{"start":{"line":21,"column":35},"end":{"line":21,"column":58}}}},"statementMap":{"1":{"start":{"line":1,"column":0},"end":{"line":1,"column":31}},"2":{"start":{"line":2,"column":0},"end":{"line":2,"column":23}},"3":{"start":{"line":3,"column":0},"end":{"line":3,"column":27}},"4":{"start":{"line":5,"column":0},"end":{"line":5,"column":31}},"5":{"start":{"line":7,"column":0},"end":{"line":7,"column":21}},"6":{"start":{"line":15,"column":0},"end":{"line":28,"column":2}},"7":{"start":{"line":16,"column":2},"end":{"line":27,"column":5}},"8":{"start":{"line":17,"column":4},"end":{"line":17,"column":29}},"9":{"start":{"line":18,"column":4},"end":{"line":18,"column":53}},"10":{"start":{"line":19,"column":4},"end":{"line":26,"column":7}},"11":{"start":{"line":20,"column":6},"end":{"line":20,"column":31}},"12":{"start":{"line":21,"column":6},"end":{"line":25,"column":9}},"13":{"start":{"line":22,"column":8},"end":{"line":22,"column":32}},"14":{"start":{"line":23,"column":8},"end":{"line":23,"column":33}},"15":{"start":{"line":24,"column":8},"end":{"line":24,"column":30}}},"branchMap":{},"code":["var assert = require('assert');","var fs = require('fs');","var path = require('path');","","var rimraf = require('rimraf');","","var tmpPath = '.tmp';","","","/**"," * Timed test.  This includes the setup and teardown as part of the overall"," * test time."," * @param {function(Error)} done Callback."," */","exports.test = function(done) {","  fs.mkdir(tmpPath, function(mkdirErr) {","    assert.ifError(mkdirErr);","    var tmpFile = path.join(tmpPath, 'foo-real.txt');","    fs.writeFile(tmpFile, 'foo', function(writeErr) {","      assert.ifError(writeErr);","      fs.readFile(tmpFile, 'utf8', function(readErr, str) {","        assert.ifError(readErr);","        assert.equal(str, 'foo');","        rimraf(tmpPath, done);","      });","    });","  });","};",""],"l":{"1":2,"2":2,"3":2,"5":2,"7":0,"15":0,"16":0,"17":0,"18":0,"19":0,"20":0,"21":0,"22":0,"23":0,"24":0}},"/home/travis/build/npmtest/node-npmtest-mock-fs/node_modules/mock-fs/benchmarks/read-real.js":{"path":"/home/travis/build/npmtest/node-npmtest-mock-fs/node_modules/mock-fs/benchmarks/read-real.js","s":{"1":2,"2":2,"3":2,"4":2,"5":0,"6":0,"7":0,"8":0,"9":0,"10":0,"11":0,"12":0,"13":0,"14":0,"15":0,"16":0,"17":0},"b":{"1":[0,0]},"f":{"1":0,"2":0,"3":0,"4":0,"5":0},"fnMap":{"1":{"name":"(anonymous_1)","line":14,"loc":{"start":{"line":14,"column":21},"end":{"line":14,"column":36}}},"2":{"name":"(anonymous_2)","line":15,"loc":{"start":{"line":15,"column":20},"end":{"line":15,"column":34}}},"3":{"name":"(anonymous_3)","line":28,"loc":{"start":{"line":28,"column":15},"end":{"line":28,"column":30}}},"4":{"name":"(anonymous_4)","line":29,"loc":{"start":{"line":29,"column":58},"end":{"line":29,"column":77}}},"5":{"name":"(anonymous_5)","line":41,"loc":{"start":{"line":41,"column":20},"end":{"line":41,"column":35}}}},"statementMap":{"1":{"start":{"line":1,"column":0},"end":{"line":1,"column":31}},"2":{"start":{"line":2,"column":0},"end":{"line":2,"column":23}},"3":{"start":{"line":3,"column":0},"end":{"line":3,"column":27}},"4":{"start":{"line":5,"column":0},"end":{"line":5,"column":31}},"5":{"start":{"line":7,"column":0},"end":{"line":7,"column":21}},"6":{"start":{"line":14,"column":0},"end":{"line":21,"column":2}},"7":{"start":{"line":15,"column":2},"end":{"line":20,"column":5}},"8":{"start":{"line":16,"column":4},"end":{"line":18,"column":5}},"9":{"start":{"line":17,"column":6},"end":{"line":17,"column":23}},"10":{"start":{"line":19,"column":4},"end":{"line":19,"column":66}},"11":{"start":{"line":28,"column":0},"end":{"line":34,"column":2}},"12":{"start":{"line":29,"column":2},"end":{"line":33,"column":5}},"13":{"start":{"line":30,"column":4},"end":{"line":30,"column":24}},"14":{"start":{"line":31,"column":4},"end":{"line":31,"column":29}},"15":{"start":{"line":32,"column":4},"end":{"line":32,"column":11}},"16":{"start":{"line":41,"column":0},"end":{"line":43,"column":2}},"17":{"start":{"line":42,"column":2},"end":{"line":42,"column":24}}},"branchMap":{"1":{"line":16,"type":"if","locations":[{"start":{"line":16,"column":4},"end":{"line":16,"column":4}},{"start":{"line":16,"column":4},"end":{"line":16,"column":4}}]}},"code":["var assert = require('assert');","var fs = require('fs');","var path = require('path');","","var rimraf = require('rimraf');","","var tmpPath = '.tmp';","","","/**"," * Test setup.  Not timed."," * @param {function(Error)} done Callback."," */","exports.beforeEach = function(done) {","  fs.mkdir(tmpPath, function(err) {","    if (err) {","      return done(err);","    }","    fs.writeFile(path.join(tmpPath, 'foo-real.txt'), 'foo', done);","  });","};","","","/**"," * Timed test."," * @param {function(Error)} done Callback."," */","exports.test = function(done) {","  fs.readFile(path.join(tmpPath, 'foo-real.txt'), 'utf8', function(err, str) {","    assert.ifError(err);","    assert.equal(str, 'foo');","    done();","  });","};","","","/**"," * Test teardown.  Not timed."," * @param {function(Error)} done Callback."," */","exports.afterEach = function(done) {","  rimraf(tmpPath, done);","};",""],"l":{"1":2,"2":2,"3":2,"5":2,"7":0,"14":0,"15":0,"16":0,"17":0,"19":0,"28":0,"29":0,"30":0,"31":0,"32":0,"41":0,"42":0}},"/home/travis/build/npmtest/node-npmtest-mock-fs/node_modules/mock-fs/benchmarks/write-integration-real.js":{"path":"/home/travis/build/npmtest/node-npmtest-mock-fs/node_modules/mock-fs/benchmarks/write-integration-real.js","s":{"1":2,"2":2,"3":2,"4":2,"5":0,"6":0,"7":0,"8":0,"9":0,"10":0,"11":0},"b":{},"f":{"1":0,"2":0,"3":0},"fnMap":{"1":{"name":"(anonymous_1)","line":15,"loc":{"start":{"line":15,"column":15},"end":{"line":15,"column":30}}},"2":{"name":"(anonymous_2)","line":16,"loc":{"start":{"line":16,"column":20},"end":{"line":16,"column":39}}},"3":{"name":"(anonymous_3)","line":18,"loc":{"start":{"line":18,"column":60},"end":{"line":18,"column":74}}}},"statementMap":{"1":{"start":{"line":1,"column":0},"end":{"line":1,"column":31}},"2":{"start":{"line":2,"column":0},"end":{"line":2,"column":23}},"3":{"start":{"line":3,"column":0},"end":{"line":3,"column":27}},"4":{"start":{"line":5,"column":0},"end":{"line":5,"column":31}},"5":{"start":{"line":7,"column":0},"end":{"line":7,"column":21}},"6":{"start":{"line":15,"column":0},"end":{"line":23,"column":2}},"7":{"start":{"line":16,"column":2},"end":{"line":22,"column":5}},"8":{"start":{"line":17,"column":4},"end":{"line":17,"column":29}},"9":{"start":{"line":18,"column":4},"end":{"line":21,"column":7}},"10":{"start":{"line":19,"column":6},"end":{"line":19,"column":26}},"11":{"start":{"line":20,"column":6},"end":{"line":20,"column":28}}},"branchMap":{},"code":["var assert = require('assert');","var fs = require('fs');","var path = require('path');","","var rimraf = require('rimraf');","","var tmpPath = '.tmp';","","","/**"," * Timed test.  This includes the setup and teardown as part of the overall"," * test time."," * @param {function(Error)} done Callback."," */","exports.test = function(done) {","  fs.mkdir(tmpPath, function(mkdirErr) {","    assert.ifError(mkdirErr);","    fs.writeFile(path.join(tmpPath, 'foo-real.txt'), 'foo', function(err) {","      assert.ifError(err);","      rimraf(tmpPath, done);","    });","  });","};",""],"l":{"1":2,"2":2,"3":2,"5":2,"7":0,"15":0,"16":0,"17":0,"18":0,"19":0,"20":0}},"/home/travis/build/npmtest/node-npmtest-mock-fs/node_modules/mock-fs/benchmarks/write-real.js":{"path":"/home/travis/build/npmtest/node-npmtest-mock-fs/node_modules/mock-fs/benchmarks/write-real.js","s":{"1":2,"2":2,"3":2,"4":0,"5":0,"6":0,"7":0,"8":0,"9":0,"10":0},"b":{},"f":{"1":0,"2":0,"3":0},"fnMap":{"1":{"name":"(anonymous_1)","line":13,"loc":{"start":{"line":13,"column":21},"end":{"line":13,"column":36}}},"2":{"name":"(anonymous_2)","line":22,"loc":{"start":{"line":22,"column":15},"end":{"line":22,"column":30}}},"3":{"name":"(anonymous_3)","line":31,"loc":{"start":{"line":31,"column":20},"end":{"line":31,"column":35}}}},"statementMap":{"1":{"start":{"line":1,"column":0},"end":{"line":1,"column":23}},"2":{"start":{"line":2,"column":0},"end":{"line":2,"column":27}},"3":{"start":{"line":4,"column":0},"end":{"line":4,"column":31}},"4":{"start":{"line":6,"column":0},"end":{"line":6,"column":21}},"5":{"start":{"line":13,"column":0},"end":{"line":15,"column":2}},"6":{"start":{"line":14,"column":2},"end":{"line":14,"column":26}},"7":{"start":{"line":22,"column":0},"end":{"line":24,"column":2}},"8":{"start":{"line":23,"column":2},"end":{"line":23,"column":64}},"9":{"start":{"line":31,"column":0},"end":{"line":33,"column":2}},"10":{"start":{"line":32,"column":2},"end":{"line":32,"column":24}}},"branchMap":{},"code":["var fs = require('fs');","var path = require('path');","","var rimraf = require('rimraf');","","var tmpPath = '.tmp';","","","/**"," * Test setup.  Not timed."," * @param {function(Error)} done Callback."," */","exports.beforeEach = function(done) {","  fs.mkdir(tmpPath, done);","};","","","/**"," * Timed test."," * @param {function(Error)} done Callback."," */","exports.test = function(done) {","  fs.writeFile(path.join(tmpPath, 'foo-real.txt'), 'foo', done);","};","","","/**"," * Test teardown.  Not timed."," * @param {function(Error)} done Callback."," */","exports.afterEach = function(done) {","  rimraf(tmpPath, done);","};",""],"l":{"1":2,"2":2,"4":2,"6":0,"13":0,"14":0,"22":0,"23":0,"31":0,"32":0}}}